Config file config.yaml is extended by additional config specified via the command line.
Building DAG of jobs...
Using shell: /usr/bin/bash
Provided cluster nodes: 64
Job stats:
job                          count
-------------------------  -------
add_chr_RNA_DNA                  2
add_tags_bowtie2                 2
all                              1
annotate_rna                     1
bowtie2_align                    2
bowtie2_align_rna_repeats        2
combine_annotations_rna          1
deduplicate_rRNA                 1
hisat2_align                     2
make_merged_clusters             1
merge_dna                        1
merge_rna                        1
merge_rrna                       1
multiqc                          1
rename_clusters                  1
repeat_mask                      2
total                           22

Select jobs to execute...

[Fri Oct 18 15:44:47 2024]
rule hisat2_align:
    input: /central/scratchio/mblanco/albert/sprite_test_sample/workup/fastqs/DPM_first_R1.part_001.barcoded_rpm.fastq.gz
    output: /central/scratchio/mblanco/albert/sprite_test_sample/workup/alignments_pieces/DPM_first.part_001.RNA.hisat2.bam, /central/scratchio/mblanco/albert/sprite_test_sample/workup/alignments_pieces/DPM_first.part_001.RNA.hisat2.mapq20.unsorted.bam, /central/scratchio/mblanco/albert/sprite_test_sample/workup/alignments_pieces/DPM_first.part_001.RNA.hisat2.mapq20.bam, /central/scratchio/mblanco/albert/sprite_test_sample/workup/alignments_pieces/DPM_first.part_001.RNA.hisat2.unmapped.lowmq.bam, /central/scratchio/mblanco/albert/sprite_test_sample/workup/alignments_pieces/DPM_first.part_001.RNA.hisat2.unmapped.lowmq.fq.gz
    log: /central/scratchio/mblanco/albert/sprite_test_sample/workup/logs/DPM_first.001.hisat2.log
    jobid: 17
    reason: Missing output files: /central/scratchio/mblanco/albert/sprite_test_sample/workup/alignments_pieces/DPM_first.part_001.RNA.hisat2.mapq20.bam, /central/scratchio/mblanco/albert/sprite_test_sample/workup/alignments_pieces/DPM_first.part_001.RNA.hisat2.unmapped.lowmq.fq.gz
    wildcards: sample=DPM_first, splitid=001
    threads: 10
    resources: mem_mb=1000, mem_mib=954, disk_mb=1000, disk_mib=954, tmpdir=<TBD>

Submitted job 17 with external jobid 'Submitted batch job 44571981'.

[Fri Oct 18 15:44:48 2024]
rule bowtie2_align:
    input: /central/scratchio/mblanco/albert/sprite_test_sample/workup/fastqs/DPM_first_R1.part_001.barcoded_dpm.fastq.gz
    output: /central/scratchio/mblanco/albert/sprite_test_sample/workup/alignments_pieces/DPM_first.part_001.DNA.bowtie2.mapq20.bam, /central/scratchio/mblanco/albert/sprite_test_sample/workup/alignments_pieces/DPM_first.part_001.unsorted.bam
    log: /central/scratchio/mblanco/albert/sprite_test_sample/workup/logs/DPM_first.001.bowtie2.log
    jobid: 15
    reason: Missing output files: /central/scratchio/mblanco/albert/sprite_test_sample/workup/alignments_pieces/DPM_first.part_001.DNA.bowtie2.mapq20.bam
    wildcards: sample=DPM_first, splitid=001
    threads: 10
    resources: mem_mb=1000, mem_mib=954, disk_mb=1000, disk_mib=954, tmpdir=<TBD>

Submitted job 15 with external jobid 'Submitted batch job 44571982'.

[Fri Oct 18 15:44:48 2024]
rule hisat2_align:
    input: /central/scratchio/mblanco/albert/sprite_test_sample/workup/fastqs/DPM_first_R1.part_000.barcoded_rpm.fastq.gz
    output: /central/scratchio/mblanco/albert/sprite_test_sample/workup/alignments_pieces/DPM_first.part_000.RNA.hisat2.bam, /central/scratchio/mblanco/albert/sprite_test_sample/workup/alignments_pieces/DPM_first.part_000.RNA.hisat2.mapq20.unsorted.bam, /central/scratchio/mblanco/albert/sprite_test_sample/workup/alignments_pieces/DPM_first.part_000.RNA.hisat2.mapq20.bam, /central/scratchio/mblanco/albert/sprite_test_sample/workup/alignments_pieces/DPM_first.part_000.RNA.hisat2.unmapped.lowmq.bam, /central/scratchio/mblanco/albert/sprite_test_sample/workup/alignments_pieces/DPM_first.part_000.RNA.hisat2.unmapped.lowmq.fq.gz
    log: /central/scratchio/mblanco/albert/sprite_test_sample/workup/logs/DPM_first.000.hisat2.log
    jobid: 16
    reason: Missing output files: /central/scratchio/mblanco/albert/sprite_test_sample/workup/alignments_pieces/DPM_first.part_000.RNA.hisat2.unmapped.lowmq.fq.gz, /central/scratchio/mblanco/albert/sprite_test_sample/workup/alignments_pieces/DPM_first.part_000.RNA.hisat2.mapq20.bam
    wildcards: sample=DPM_first, splitid=000
    threads: 10
    resources: mem_mb=1000, mem_mib=954, disk_mb=1000, disk_mib=954, tmpdir=<TBD>

Submitted job 16 with external jobid 'Submitted batch job 44571983'.

[Fri Oct 18 15:44:48 2024]
rule bowtie2_align:
    input: /central/scratchio/mblanco/albert/sprite_test_sample/workup/fastqs/DPM_first_R1.part_000.barcoded_dpm.fastq.gz
    output: /central/scratchio/mblanco/albert/sprite_test_sample/workup/alignments_pieces/DPM_first.part_000.DNA.bowtie2.mapq20.bam, /central/scratchio/mblanco/albert/sprite_test_sample/workup/alignments_pieces/DPM_first.part_000.unsorted.bam
    log: /central/scratchio/mblanco/albert/sprite_test_sample/workup/logs/DPM_first.000.bowtie2.log
    jobid: 14
    reason: Missing output files: /central/scratchio/mblanco/albert/sprite_test_sample/workup/alignments_pieces/DPM_first.part_000.DNA.bowtie2.mapq20.bam; Software environment definition has changed since last execution
    wildcards: sample=DPM_first, splitid=000
    threads: 10
    resources: mem_mb=1000, mem_mib=954, disk_mb=1000, disk_mib=954, tmpdir=<TBD>

Submitted job 14 with external jobid 'Submitted batch job 44571984'.
[Fri Oct 18 15:45:07 2024]
Finished job 15.
1 of 22 steps (5%) done
Removing temporary output /central/scratchio/mblanco/albert/sprite_test_sample/workup/alignments_pieces/DPM_first.part_001.unsorted.bam.
[Fri Oct 18 15:45:07 2024]
Finished job 16.
2 of 22 steps (9%) done
Removing temporary output /central/scratchio/mblanco/albert/sprite_test_sample/workup/alignments_pieces/DPM_first.part_000.RNA.hisat2.bam.
Removing temporary output /central/scratchio/mblanco/albert/sprite_test_sample/workup/alignments_pieces/DPM_first.part_000.RNA.hisat2.mapq20.unsorted.bam.
Select jobs to execute...

[Fri Oct 18 15:45:07 2024]
rule bowtie2_align_rna_repeats:
    input: /central/scratchio/mblanco/albert/sprite_test_sample/workup/alignments_pieces/DPM_first.part_000.RNA.hisat2.unmapped.lowmq.fq.gz
    output: /central/scratchio/mblanco/albert/sprite_test_sample/workup/alignments_pieces/DPM_first.part_000.RNA.bowtie2.all.bam, /central/scratchio/mblanco/albert/sprite_test_sample/workup/alignments_pieces/DPM_first.part_000.RNAr.bowtie2.unsorted.bam, /central/scratchio/mblanco/albert/sprite_test_sample/workup/alignments_pieces/DPM_first.part_000.RNAr.bowtie2.bam, /central/scratchio/mblanco/albert/sprite_test_sample/workup/alignments_pieces/DPM_first.part_000.RNAr.bowtie2.unmapped.bam
    log: /central/scratchio/mblanco/albert/sprite_test_sample/workup/logs/DPM_first.000.RNAr.bowtie2.log
    jobid: 19
    reason: Missing output files: /central/scratchio/mblanco/albert/sprite_test_sample/workup/alignments_pieces/DPM_first.part_000.RNAr.bowtie2.bam; Input files updated by another job: /central/scratchio/mblanco/albert/sprite_test_sample/workup/alignments_pieces/DPM_first.part_000.RNA.hisat2.unmapped.lowmq.fq.gz
    wildcards: sample=DPM_first, splitid=000
    threads: 10
    resources: mem_mb=1000, mem_mib=954, disk_mb=1000, disk_mib=954, tmpdir=<TBD>

Submitted job 19 with external jobid 'Submitted batch job 44571986'.
[Fri Oct 18 15:45:17 2024]
Finished job 19.
3 of 22 steps (14%) done
Removing temporary output /central/scratchio/mblanco/albert/sprite_test_sample/workup/alignments_pieces/DPM_first.part_000.RNA.bowtie2.all.bam.
Removing temporary output /central/scratchio/mblanco/albert/sprite_test_sample/workup/alignments_pieces/DPM_first.part_000.RNAr.bowtie2.unsorted.bam.
Select jobs to execute...

[Fri Oct 18 15:45:17 2024]
rule add_tags_bowtie2:
    input: /central/scratchio/mblanco/albert/sprite_test_sample/workup/alignments_pieces/DPM_first.part_000.RNAr.bowtie2.bam
    output: /central/scratchio/mblanco/albert/sprite_test_sample/workup/alignments_pieces/DPM_first.part_000.RNAr.bowtie2.tag.bam, /central/scratchio/mblanco/albert/sprite_test_sample/workup/alignments_pieces/DPM_first.part_000.RNAr.bowtie2.bam.bai
    log: /central/scratchio/mblanco/albert/sprite_test_sample/workup/logs/DPM_first.000.RNAr.bowtie2.tag.log
    jobid: 18
    reason: Missing output files: /central/scratchio/mblanco/albert/sprite_test_sample/workup/alignments_pieces/DPM_first.part_000.RNAr.bowtie2.tag.bam; Input files updated by another job: /central/scratchio/mblanco/albert/sprite_test_sample/workup/alignments_pieces/DPM_first.part_000.RNAr.bowtie2.bam
    wildcards: sample=DPM_first, splitid=000
    threads: 10
    resources: mem_mb=1000, mem_mib=954, disk_mb=1000, disk_mib=954, tmpdir=<TBD>

Submitted job 18 with external jobid 'Submitted batch job 44571987'.
[Fri Oct 18 15:45:27 2024]
Finished job 17.
4 of 22 steps (18%) done
Removing temporary output /central/scratchio/mblanco/albert/sprite_test_sample/workup/alignments_pieces/DPM_first.part_001.RNA.hisat2.bam.
Removing temporary output /central/scratchio/mblanco/albert/sprite_test_sample/workup/alignments_pieces/DPM_first.part_001.RNA.hisat2.mapq20.unsorted.bam.
Select jobs to execute...

[Fri Oct 18 15:45:27 2024]
rule bowtie2_align_rna_repeats:
    input: /central/scratchio/mblanco/albert/sprite_test_sample/workup/alignments_pieces/DPM_first.part_001.RNA.hisat2.unmapped.lowmq.fq.gz
    output: /central/scratchio/mblanco/albert/sprite_test_sample/workup/alignments_pieces/DPM_first.part_001.RNA.bowtie2.all.bam, /central/scratchio/mblanco/albert/sprite_test_sample/workup/alignments_pieces/DPM_first.part_001.RNAr.bowtie2.unsorted.bam, /central/scratchio/mblanco/albert/sprite_test_sample/workup/alignments_pieces/DPM_first.part_001.RNAr.bowtie2.bam, /central/scratchio/mblanco/albert/sprite_test_sample/workup/alignments_pieces/DPM_first.part_001.RNAr.bowtie2.unmapped.bam
    log: /central/scratchio/mblanco/albert/sprite_test_sample/workup/logs/DPM_first.001.RNAr.bowtie2.log
    jobid: 21
    reason: Missing output files: /central/scratchio/mblanco/albert/sprite_test_sample/workup/alignments_pieces/DPM_first.part_001.RNAr.bowtie2.bam; Input files updated by another job: /central/scratchio/mblanco/albert/sprite_test_sample/workup/alignments_pieces/DPM_first.part_001.RNA.hisat2.unmapped.lowmq.fq.gz
    wildcards: sample=DPM_first, splitid=001
    threads: 10
    resources: mem_mb=1000, mem_mib=954, disk_mb=1000, disk_mib=954, tmpdir=<TBD>

Submitted job 21 with external jobid 'Submitted batch job 44571988'.
[Fri Oct 18 15:45:27 2024]
Finished job 14.
5 of 22 steps (23%) done
Removing temporary output /central/scratchio/mblanco/albert/sprite_test_sample/workup/alignments_pieces/DPM_first.part_000.unsorted.bam.
[Fri Oct 18 15:45:27 2024]
Finished job 18.
6 of 22 steps (27%) done
Removing temporary output /central/scratchio/mblanco/albert/sprite_test_sample/workup/alignments_pieces/DPM_first.part_000.RNAr.bowtie2.bam.bai.
Select jobs to execute...

[Fri Oct 18 15:45:27 2024]
rule add_chr_RNA_DNA:
    input: /central/scratchio/mblanco/albert/sprite_test_sample/workup/alignments_pieces/DPM_first.part_000.DNA.bowtie2.mapq20.bam, /central/scratchio/mblanco/albert/sprite_test_sample/workup/alignments_pieces/DPM_first.part_000.RNA.hisat2.mapq20.bam, /central/scratchio/mblanco/albert/sprite_test_sample/workup/alignments_pieces/DPM_first.part_000.RNAr.bowtie2.tag.bam
    output: /central/scratchio/mblanco/albert/sprite_test_sample/workup/alignments_pieces/DPM_first.part_000.DNA.chr.bam, /central/scratchio/mblanco/albert/sprite_test_sample/workup/alignments_pieces/DPM_first.part_000.RNA.chr.bam, /central/scratchio/mblanco/albert/sprite_test_sample/workup/alignments_pieces/DPM_first.part_000.RNAr.chr.bam
    log: /central/scratchio/mblanco/albert/sprite_test_sample/workup/logs/DPM_first.000.DNA_bcs.log, /central/scratchio/mblanco/albert/sprite_test_sample/workup/logs/DPM_first.000.RNA_bcs.log, /central/scratchio/mblanco/albert/sprite_test_sample/workup/logs/DPM_first.000.RNAr_bcs.log
    jobid: 22
    reason: Missing output files: /central/scratchio/mblanco/albert/sprite_test_sample/workup/alignments_pieces/DPM_first.part_000.DNA.chr.bam, /central/scratchio/mblanco/albert/sprite_test_sample/workup/alignments_pieces/DPM_first.part_000.RNA.chr.bam, /central/scratchio/mblanco/albert/sprite_test_sample/workup/alignments_pieces/DPM_first.part_000.RNAr.chr.bam; Input files updated by another job: /central/scratchio/mblanco/albert/sprite_test_sample/workup/alignments_pieces/DPM_first.part_000.RNAr.bowtie2.tag.bam, /central/scratchio/mblanco/albert/sprite_test_sample/workup/alignments_pieces/DPM_first.part_000.DNA.bowtie2.mapq20.bam, /central/scratchio/mblanco/albert/sprite_test_sample/workup/alignments_pieces/DPM_first.part_000.RNA.hisat2.mapq20.bam
    wildcards: sample=DPM_first, splitid=000
    resources: mem_mb=1000, mem_mib=954, disk_mb=1000, disk_mib=954, tmpdir=<TBD>

Submitted job 22 with external jobid 'Submitted batch job 44571989'.
[Fri Oct 18 15:45:37 2024]
Finished job 21.
7 of 22 steps (32%) done
Removing temporary output /central/scratchio/mblanco/albert/sprite_test_sample/workup/alignments_pieces/DPM_first.part_001.RNA.bowtie2.all.bam.
Removing temporary output /central/scratchio/mblanco/albert/sprite_test_sample/workup/alignments_pieces/DPM_first.part_001.RNAr.bowtie2.unsorted.bam.
Select jobs to execute...

[Fri Oct 18 15:45:37 2024]
rule add_tags_bowtie2:
    input: /central/scratchio/mblanco/albert/sprite_test_sample/workup/alignments_pieces/DPM_first.part_001.RNAr.bowtie2.bam
    output: /central/scratchio/mblanco/albert/sprite_test_sample/workup/alignments_pieces/DPM_first.part_001.RNAr.bowtie2.tag.bam, /central/scratchio/mblanco/albert/sprite_test_sample/workup/alignments_pieces/DPM_first.part_001.RNAr.bowtie2.bam.bai
    log: /central/scratchio/mblanco/albert/sprite_test_sample/workup/logs/DPM_first.001.RNAr.bowtie2.tag.log
    jobid: 20
    reason: Missing output files: /central/scratchio/mblanco/albert/sprite_test_sample/workup/alignments_pieces/DPM_first.part_001.RNAr.bowtie2.tag.bam; Input files updated by another job: /central/scratchio/mblanco/albert/sprite_test_sample/workup/alignments_pieces/DPM_first.part_001.RNAr.bowtie2.bam
    wildcards: sample=DPM_first, splitid=001
    threads: 10
    resources: mem_mb=1000, mem_mib=954, disk_mb=1000, disk_mib=954, tmpdir=<TBD>

Submitted job 20 with external jobid 'Submitted batch job 44571990'.
[Fri Oct 18 15:45:37 2024]
Finished job 22.
8 of 22 steps (36%) done
Select jobs to execute...

[Fri Oct 18 15:45:37 2024]
rule repeat_mask:
    input: /central/scratchio/mblanco/albert/sprite_test_sample/workup/alignments_pieces/DPM_first.part_000.DNA.chr.bam
    output: /central/scratchio/mblanco/albert/sprite_test_sample/workup/alignments_pieces/DPM_first.part_000.DNA.chr.masked.bam
    jobid: 24
    reason: Missing output files: /central/scratchio/mblanco/albert/sprite_test_sample/workup/alignments_pieces/DPM_first.part_000.DNA.chr.masked.bam; Input files updated by another job: /central/scratchio/mblanco/albert/sprite_test_sample/workup/alignments_pieces/DPM_first.part_000.DNA.chr.bam
    wildcards: sample=DPM_first, splitid=000
    resources: mem_mb=1000, mem_mib=954, disk_mb=1000, disk_mib=954, tmpdir=<TBD>

Submitted job 24 with external jobid 'Submitted batch job 44571991'.
[Fri Oct 18 15:45:47 2024]
Finished job 20.
9 of 22 steps (41%) done
Removing temporary output /central/scratchio/mblanco/albert/sprite_test_sample/workup/alignments_pieces/DPM_first.part_001.RNAr.bowtie2.bam.bai.
Select jobs to execute...

[Fri Oct 18 15:45:47 2024]
rule add_chr_RNA_DNA:
    input: /central/scratchio/mblanco/albert/sprite_test_sample/workup/alignments_pieces/DPM_first.part_001.DNA.bowtie2.mapq20.bam, /central/scratchio/mblanco/albert/sprite_test_sample/workup/alignments_pieces/DPM_first.part_001.RNA.hisat2.mapq20.bam, /central/scratchio/mblanco/albert/sprite_test_sample/workup/alignments_pieces/DPM_first.part_001.RNAr.bowtie2.tag.bam
    output: /central/scratchio/mblanco/albert/sprite_test_sample/workup/alignments_pieces/DPM_first.part_001.DNA.chr.bam, /central/scratchio/mblanco/albert/sprite_test_sample/workup/alignments_pieces/DPM_first.part_001.RNA.chr.bam, /central/scratchio/mblanco/albert/sprite_test_sample/workup/alignments_pieces/DPM_first.part_001.RNAr.chr.bam
    log: /central/scratchio/mblanco/albert/sprite_test_sample/workup/logs/DPM_first.001.DNA_bcs.log, /central/scratchio/mblanco/albert/sprite_test_sample/workup/logs/DPM_first.001.RNA_bcs.log, /central/scratchio/mblanco/albert/sprite_test_sample/workup/logs/DPM_first.001.RNAr_bcs.log
    jobid: 23
    reason: Missing output files: /central/scratchio/mblanco/albert/sprite_test_sample/workup/alignments_pieces/DPM_first.part_001.DNA.chr.bam, /central/scratchio/mblanco/albert/sprite_test_sample/workup/alignments_pieces/DPM_first.part_001.RNAr.chr.bam, /central/scratchio/mblanco/albert/sprite_test_sample/workup/alignments_pieces/DPM_first.part_001.RNA.chr.bam; Input files updated by another job: /central/scratchio/mblanco/albert/sprite_test_sample/workup/alignments_pieces/DPM_first.part_001.DNA.bowtie2.mapq20.bam, /central/scratchio/mblanco/albert/sprite_test_sample/workup/alignments_pieces/DPM_first.part_001.RNA.hisat2.mapq20.bam, /central/scratchio/mblanco/albert/sprite_test_sample/workup/alignments_pieces/DPM_first.part_001.RNAr.bowtie2.tag.bam
    wildcards: sample=DPM_first, splitid=001
    resources: mem_mb=1000, mem_mib=954, disk_mb=1000, disk_mib=954, tmpdir=<TBD>

Submitted job 23 with external jobid 'Submitted batch job 44571993'.
[Fri Oct 18 15:45:47 2024]
Finished job 24.
10 of 22 steps (45%) done
[Fri Oct 18 15:45:57 2024]
Finished job 23.
11 of 22 steps (50%) done
Select jobs to execute...

[Fri Oct 18 15:45:58 2024]
rule merge_rna:
    input: /central/scratchio/mblanco/albert/sprite_test_sample/workup/alignments_pieces/DPM_first.part_000.RNA.chr.bam, /central/scratchio/mblanco/albert/sprite_test_sample/workup/alignments_pieces/DPM_first.part_001.RNA.chr.bam
    output: /central/scratchio/mblanco/albert/sprite_test_sample/workup/alignments/DPM_first.RNA.merged.bam
    log: /central/scratchio/mblanco/albert/sprite_test_sample/workup/logs/DPM_first.merge_RNA.log
    jobid: 27
    reason: Missing output files: /central/scratchio/mblanco/albert/sprite_test_sample/workup/alignments/DPM_first.RNA.merged.bam; Input files updated by another job: /central/scratchio/mblanco/albert/sprite_test_sample/workup/alignments_pieces/DPM_first.part_000.RNA.chr.bam, /central/scratchio/mblanco/albert/sprite_test_sample/workup/alignments_pieces/DPM_first.part_001.RNA.chr.bam
    wildcards: sample=DPM_first
    threads: 8
    resources: mem_mb=1000, mem_mib=954, disk_mb=1000, disk_mib=954, tmpdir=<TBD>

Submitted job 27 with external jobid 'Submitted batch job 44571994'.

[Fri Oct 18 15:45:58 2024]
rule merge_rrna:
    input: /central/scratchio/mblanco/albert/sprite_test_sample/workup/alignments_pieces/DPM_first.part_000.RNAr.chr.bam, /central/scratchio/mblanco/albert/sprite_test_sample/workup/alignments_pieces/DPM_first.part_001.RNAr.chr.bam
    output: /central/scratchio/mblanco/albert/sprite_test_sample/workup/alignments/DPM_first.RNAr.merged.bam
    log: /central/scratchio/mblanco/albert/sprite_test_sample/workup/logs/DPM_first.merge_RNAr.log
    jobid: 28
    reason: Missing output files: /central/scratchio/mblanco/albert/sprite_test_sample/workup/alignments/DPM_first.RNAr.merged.bam; Input files updated by another job: /central/scratchio/mblanco/albert/sprite_test_sample/workup/alignments_pieces/DPM_first.part_001.RNAr.chr.bam, /central/scratchio/mblanco/albert/sprite_test_sample/workup/alignments_pieces/DPM_first.part_000.RNAr.chr.bam
    wildcards: sample=DPM_first
    threads: 8
    resources: mem_mb=1000, mem_mib=954, disk_mb=1000, disk_mib=954, tmpdir=<TBD>

Submitted job 28 with external jobid 'Submitted batch job 44571995'.

[Fri Oct 18 15:45:58 2024]
rule repeat_mask:
    input: /central/scratchio/mblanco/albert/sprite_test_sample/workup/alignments_pieces/DPM_first.part_001.DNA.chr.bam
    output: /central/scratchio/mblanco/albert/sprite_test_sample/workup/alignments_pieces/DPM_first.part_001.DNA.chr.masked.bam
    jobid: 25
    reason: Missing output files: /central/scratchio/mblanco/albert/sprite_test_sample/workup/alignments_pieces/DPM_first.part_001.DNA.chr.masked.bam; Input files updated by another job: /central/scratchio/mblanco/albert/sprite_test_sample/workup/alignments_pieces/DPM_first.part_001.DNA.chr.bam
    wildcards: sample=DPM_first, splitid=001
    resources: mem_mb=1000, mem_mib=954, disk_mb=1000, disk_mib=954, tmpdir=<TBD>

Submitted job 25 with external jobid 'Submitted batch job 44571996'.
[Fri Oct 18 15:46:07 2024]
Finished job 27.
12 of 22 steps (55%) done
Select jobs to execute...

[Fri Oct 18 15:46:07 2024]
rule annotate_rna:
    input: /central/scratchio/mblanco/albert/sprite_test_sample/workup/alignments/DPM_first.RNA.merged.bam
    output: /central/scratchio/mblanco/albert/sprite_test_sample/workup/annotations/DPM_first.RNAexin.hisat2.mapq20.bam.featureCounts.bam, /central/scratchio/mblanco/albert/sprite_test_sample/workup/annotations/DPM_first.RNAexin.hisat2.mapq20.bam.featureCounts.txt, /central/scratchio/mblanco/albert/sprite_test_sample/workup/annotations/DPM_first.RNAr.hisat2.mapq20.bam.featureCounts.bam, /central/scratchio/mblanco/albert/sprite_test_sample/workup/annotations/DPM_first.RNAr.hisat2.mapq20.bam.featureCounts.txt, /central/scratchio/mblanco/albert/sprite_test_sample/workup/annotations/DPM_first.RNAanti.hisat2.mapq20.bam.featureCounts.bam, /central/scratchio/mblanco/albert/sprite_test_sample/workup/annotations/DPM_first.RNAanti.hisate2.mapq20.bam.featureCounts.txt
    log: /central/scratchio/mblanco/albert/sprite_test_sample/workup/logs/DPM_first.anno.log
    jobid: 30
    reason: Missing output files: /central/scratchio/mblanco/albert/sprite_test_sample/workup/annotations/DPM_first.RNAr.hisat2.mapq20.bam.featureCounts.bam, /central/scratchio/mblanco/albert/sprite_test_sample/workup/annotations/DPM_first.RNAanti.hisat2.mapq20.bam.featureCounts.bam, /central/scratchio/mblanco/albert/sprite_test_sample/workup/annotations/DPM_first.RNAexin.hisat2.mapq20.bam.featureCounts.bam; Input files updated by another job: /central/scratchio/mblanco/albert/sprite_test_sample/workup/alignments/DPM_first.RNA.merged.bam
    wildcards: sample=DPM_first
    threads: 10
    resources: mem_mb=1000, mem_mib=954, disk_mb=1000, disk_mib=954, tmpdir=<TBD>

Submitted job 30 with external jobid 'Submitted batch job 44571997'.
[Fri Oct 18 15:46:08 2024]
Finished job 28.
13 of 22 steps (59%) done
[Fri Oct 18 15:46:08 2024]
Finished job 25.
14 of 22 steps (64%) done
Select jobs to execute...

[Fri Oct 18 15:46:08 2024]
rule merge_dna:
    input: /central/scratchio/mblanco/albert/sprite_test_sample/workup/alignments_pieces/DPM_first.part_000.DNA.chr.masked.bam, /central/scratchio/mblanco/albert/sprite_test_sample/workup/alignments_pieces/DPM_first.part_001.DNA.chr.masked.bam
    output: /central/scratchio/mblanco/albert/sprite_test_sample/workup/alignments/DPM_first.DNA.merged.bam
    log: /central/scratchio/mblanco/albert/sprite_test_sample/workup/logs/DPM_first.merge_DNA.log
    jobid: 26
    reason: Missing output files: /central/scratchio/mblanco/albert/sprite_test_sample/workup/alignments/DPM_first.DNA.merged.bam; Input files updated by another job: /central/scratchio/mblanco/albert/sprite_test_sample/workup/alignments_pieces/DPM_first.part_000.DNA.chr.masked.bam, /central/scratchio/mblanco/albert/sprite_test_sample/workup/alignments_pieces/DPM_first.part_001.DNA.chr.masked.bam
    wildcards: sample=DPM_first
    threads: 8
    resources: mem_mb=1000, mem_mib=954, disk_mb=1000, disk_mib=954, tmpdir=<TBD>

Submitted job 26 with external jobid 'Submitted batch job 44571998'.

[Fri Oct 18 15:46:08 2024]
rule deduplicate_rRNA:
    input: /central/scratchio/mblanco/albert/sprite_test_sample/workup/alignments/DPM_first.RNAr.merged.bam
    output: /central/scratchio/mblanco/albert/sprite_test_sample/workup/alignments/DPM_first.RNAr.merged.dedup.bam
    log: /central/scratchio/mblanco/albert/sprite_test_sample/workup/logs/DPM_first.RNAr.merged.dedup.log
    jobid: 29
    reason: Missing output files: /central/scratchio/mblanco/albert/sprite_test_sample/workup/alignments/DPM_first.RNAr.merged.dedup.bam; Input files updated by another job: /central/scratchio/mblanco/albert/sprite_test_sample/workup/alignments/DPM_first.RNAr.merged.bam
    wildcards: sample=DPM_first
    threads: 5
    resources: mem_mb=1000, mem_mib=954, disk_mb=1000, disk_mib=954, tmpdir=<TBD>

Submitted job 29 with external jobid 'Submitted batch job 44571999'.
[Fri Oct 18 15:46:17 2024]
Error in rule deduplicate_rRNA:
    jobid: 29
    input: /central/scratchio/mblanco/albert/sprite_test_sample/workup/alignments/DPM_first.RNAr.merged.bam
    output: /central/scratchio/mblanco/albert/sprite_test_sample/workup/alignments/DPM_first.RNAr.merged.dedup.bam
    log: /central/scratchio/mblanco/albert/sprite_test_sample/workup/logs/DPM_first.RNAr.merged.dedup.log (check log file(s) for error details)
    conda-env: chipdip
    shell:
        
        python scripts/python/remove_duplicate_rRNA.py -i /central/scratchio/mblanco/albert/sprite_test_sample/workup/alignments/DPM_first.RNAr.merged.bam -o /central/scratchio/mblanco/albert/sprite_test_sample/workup/alignments/DPM_first.RNAr.merged.dedup.bam -n 7
        
        (one of the commands exited with non-zero exit code; note that snakemake uses bash strict mode!)
    cluster_jobid: Submitted batch job 44571999

Error executing rule deduplicate_rRNA on cluster (jobid: 29, external: Submitted batch job 44571999, jobscript: /central/home/zyang4/RDSPRITE_v4/.snakemake/tmp.ejq7pp9l/snakejob.deduplicate_rRNA.29.sh). For error details see the cluster log and the log files of the involved rule(s).
[Fri Oct 18 15:46:18 2024]
Finished job 26.
15 of 22 steps (68%) done
[Fri Oct 18 15:46:28 2024]
Finished job 30.
16 of 22 steps (73%) done
Shutting down, this might take some time.
Exiting because a job execution failed. Look above for error message
Complete log: .snakemake/log/2024-10-18T154438.574812.snakemake.log
