Config file config.yaml is extended by additional config specified via the command line.
Building DAG of jobs...
Using shell: /usr/bin/bash
Provided cluster nodes: 64
Job stats:
job                          count
-------------------------  -------
adaptor_trimming_pe              2
add_chr_RNA_DNA                  2
add_tags_bowtie2                 2
all                              1
annotate_rna                     1
barcode_id                       2
bowtie2_align                    2
bowtie2_align_rna_repeats        2
cat_ligation_efficiency          1
combine_annotations_rna          1
cutadapt                         2
deduplicate_rRNA                 1
get_ligation_efficiency          2
hisat2_align                     2
make_merged_clusters             1
merge_dna                        1
merge_rna                        1
merge_rrna                       1
multiqc                          1
rename_clusters                  1
repeat_mask                      2
split_rpm_dpm                    2
splitfq_R1                       1
splitfq_R2                       1
total                           35

Select jobs to execute...

[Fri Oct 18 15:31:06 2024]
rule splitfq_R1:
    input: /central/scratchio/mblanco/albert/sprite_test/DPM_first_subset_R1.fastq.gz
    output: /central/scratchio/mblanco/albert/sprite_test_sample/workup/splitfq/DPM_first_R1.part_000.fastq.gz, /central/scratchio/mblanco/albert/sprite_test_sample/workup/splitfq/DPM_first_R1.part_001.fastq.gz
    log: /central/scratchio/mblanco/albert/sprite_test_sample/workup/logs/DPM_first.splitfq_r1.log
    jobid: 2
    reason: Software environment definition has changed since last execution
    wildcards: sample=DPM_first
    threads: 4
    resources: mem_mb=1000, mem_mib=954, disk_mb=1000, disk_mib=954, tmpdir=<TBD>

Submitted job 2 with external jobid 'Submitted batch job 44571768'.

[Fri Oct 18 15:31:07 2024]
rule splitfq_R2:
    input: /central/scratchio/mblanco/albert/sprite_test/DPM_first_subset_R2.fastq.gz
    output: /central/scratchio/mblanco/albert/sprite_test_sample/workup/splitfq/DPM_first_R2.part_000.fastq.gz, /central/scratchio/mblanco/albert/sprite_test_sample/workup/splitfq/DPM_first_R2.part_001.fastq.gz
    log: /central/scratchio/mblanco/albert/sprite_test_sample/workup/logs/DPM_first.splitfq_r2.log
    jobid: 3
    reason: Software environment definition has changed since last execution
    wildcards: sample=DPM_first
    threads: 4
    resources: mem_mb=1000, mem_mib=954, disk_mb=1000, disk_mib=954, tmpdir=<TBD>

Submitted job 3 with external jobid 'Submitted batch job 44571769'.
[Fri Oct 18 15:31:46 2024]
Finished job 2.
1 of 35 steps (3%) done
[Fri Oct 18 15:31:46 2024]
Finished job 3.
2 of 35 steps (6%) done
Select jobs to execute...

[Fri Oct 18 15:31:46 2024]
rule adaptor_trimming_pe:
    input: /central/scratchio/mblanco/albert/sprite_test_sample/workup/splitfq/DPM_first_R1.part_001.fastq.gz, /central/scratchio/mblanco/albert/sprite_test_sample/workup/splitfq/DPM_first_R2.part_001.fastq.gz
    output: /central/scratchio/mblanco/albert/sprite_test_sample/workup/trimmed/DPM_first_R1.part_001_val_1.fq.gz, /central/scratchio/mblanco/albert/sprite_test_sample/workup/trimmed/DPM_first_R1.part_001.fastq.gz_trimming_report.txt, /central/scratchio/mblanco/albert/sprite_test_sample/workup/trimmed/DPM_first_R2.part_001_val_2.fq.gz, /central/scratchio/mblanco/albert/sprite_test_sample/workup/trimmed/DPM_first_R2.part_001.fastq.gz_trimming_report.txt
    log: /central/scratchio/mblanco/albert/sprite_test_sample/workup/logs/DPM_first.001.trim_galore.log
    jobid: 4
    reason: Input files updated by another job: /central/scratchio/mblanco/albert/sprite_test_sample/workup/splitfq/DPM_first_R2.part_001.fastq.gz, /central/scratchio/mblanco/albert/sprite_test_sample/workup/splitfq/DPM_first_R1.part_001.fastq.gz
    wildcards: sample=DPM_first, splitid=001
    threads: 10
    resources: mem_mb=1000, mem_mib=954, disk_mb=1000, disk_mib=954, tmpdir=<TBD>

Submitted job 4 with external jobid 'Submitted batch job 44571771'.

[Fri Oct 18 15:31:46 2024]
rule adaptor_trimming_pe:
    input: /central/scratchio/mblanco/albert/sprite_test_sample/workup/splitfq/DPM_first_R1.part_000.fastq.gz, /central/scratchio/mblanco/albert/sprite_test_sample/workup/splitfq/DPM_first_R2.part_000.fastq.gz
    output: /central/scratchio/mblanco/albert/sprite_test_sample/workup/trimmed/DPM_first_R1.part_000_val_1.fq.gz, /central/scratchio/mblanco/albert/sprite_test_sample/workup/trimmed/DPM_first_R1.part_000.fastq.gz_trimming_report.txt, /central/scratchio/mblanco/albert/sprite_test_sample/workup/trimmed/DPM_first_R2.part_000_val_2.fq.gz, /central/scratchio/mblanco/albert/sprite_test_sample/workup/trimmed/DPM_first_R2.part_000.fastq.gz_trimming_report.txt
    log: /central/scratchio/mblanco/albert/sprite_test_sample/workup/logs/DPM_first.000.trim_galore.log
    jobid: 1
    reason: Input files updated by another job: /central/scratchio/mblanco/albert/sprite_test_sample/workup/splitfq/DPM_first_R1.part_000.fastq.gz, /central/scratchio/mblanco/albert/sprite_test_sample/workup/splitfq/DPM_first_R2.part_000.fastq.gz
    wildcards: sample=DPM_first, splitid=000
    threads: 10
    resources: mem_mb=1000, mem_mib=954, disk_mb=1000, disk_mib=954, tmpdir=<TBD>

Submitted job 1 with external jobid 'Submitted batch job 44571772'.
[Fri Oct 18 15:32:16 2024]
Finished job 4.
3 of 35 steps (9%) done
Select jobs to execute...

[Fri Oct 18 15:32:16 2024]
rule cutadapt:
    input: /central/scratchio/mblanco/albert/sprite_test_sample/workup/trimmed/DPM_first_R1.part_001_val_1.fq.gz, /central/scratchio/mblanco/albert/sprite_test_sample/workup/trimmed/DPM_first_R2.part_001_val_2.fq.gz
    output: /central/scratchio/mblanco/albert/sprite_test_sample/workup/trimmed/DPM_first_R1.part_001_val_1_RDtrim.fq.gz, /central/scratchio/mblanco/albert/sprite_test_sample/workup/trimmed/DPM_first_R2.part_001_val_2_RDtrim.fq.gz, /central/scratchio/mblanco/albert/sprite_test_sample/workup/trimmed/DPM_first.part_001.RDtrim.qc.txt
    log: /central/scratchio/mblanco/albert/sprite_test_sample/workup/logs/DPM_first.001.cutadapt.log
    jobid: 6
    reason: Input files updated by another job: /central/scratchio/mblanco/albert/sprite_test_sample/workup/trimmed/DPM_first_R1.part_001_val_1.fq.gz, /central/scratchio/mblanco/albert/sprite_test_sample/workup/trimmed/DPM_first_R2.part_001_val_2.fq.gz
    wildcards: sample=DPM_first, splitid=001
    threads: 10
    resources: mem_mb=1000, mem_mib=954, disk_mb=1000, disk_mib=954, tmpdir=<TBD>

Submitted job 6 with external jobid 'Submitted batch job 44571774'.
[Fri Oct 18 15:32:16 2024]
Finished job 1.
4 of 35 steps (11%) done
Select jobs to execute...

[Fri Oct 18 15:32:16 2024]
rule cutadapt:
    input: /central/scratchio/mblanco/albert/sprite_test_sample/workup/trimmed/DPM_first_R1.part_000_val_1.fq.gz, /central/scratchio/mblanco/albert/sprite_test_sample/workup/trimmed/DPM_first_R2.part_000_val_2.fq.gz
    output: /central/scratchio/mblanco/albert/sprite_test_sample/workup/trimmed/DPM_first_R1.part_000_val_1_RDtrim.fq.gz, /central/scratchio/mblanco/albert/sprite_test_sample/workup/trimmed/DPM_first_R2.part_000_val_2_RDtrim.fq.gz, /central/scratchio/mblanco/albert/sprite_test_sample/workup/trimmed/DPM_first.part_000.RDtrim.qc.txt
    log: /central/scratchio/mblanco/albert/sprite_test_sample/workup/logs/DPM_first.000.cutadapt.log
    jobid: 5
    reason: Input files updated by another job: /central/scratchio/mblanco/albert/sprite_test_sample/workup/trimmed/DPM_first_R1.part_000_val_1.fq.gz, /central/scratchio/mblanco/albert/sprite_test_sample/workup/trimmed/DPM_first_R2.part_000_val_2.fq.gz
    wildcards: sample=DPM_first, splitid=000
    threads: 10
    resources: mem_mb=1000, mem_mib=954, disk_mb=1000, disk_mib=954, tmpdir=<TBD>

Submitted job 5 with external jobid 'Submitted batch job 44571775'.
[Fri Oct 18 15:32:36 2024]
Finished job 6.
5 of 35 steps (14%) done
Select jobs to execute...

[Fri Oct 18 15:32:36 2024]
rule barcode_id:
    input: /central/scratchio/mblanco/albert/sprite_test_sample/workup/trimmed/DPM_first_R1.part_001_val_1_RDtrim.fq.gz, /central/scratchio/mblanco/albert/sprite_test_sample/workup/trimmed/DPM_first_R2.part_001_val_2_RDtrim.fq.gz
    output: /central/scratchio/mblanco/albert/sprite_test_sample/workup/fastqs/DPM_first_R1.part_001.barcoded.fastq.gz, /central/scratchio/mblanco/albert/sprite_test_sample/workup/fastqs/DPM_first_R2.part_001.barcoded.fastq.gz
    log: /central/scratchio/mblanco/albert/sprite_test_sample/workup/logs/DPM_first.001.bID.log
    jobid: 8
    reason: Input files updated by another job: /central/scratchio/mblanco/albert/sprite_test_sample/workup/trimmed/DPM_first_R2.part_001_val_2_RDtrim.fq.gz, /central/scratchio/mblanco/albert/sprite_test_sample/workup/trimmed/DPM_first_R1.part_001_val_1_RDtrim.fq.gz
    wildcards: sample=DPM_first, splitid=001
    resources: mem_mb=1000, mem_mib=954, disk_mb=1000, disk_mib=954, tmpdir=<TBD>

Submitted job 8 with external jobid 'Submitted batch job 44571776'.
[Fri Oct 18 15:32:46 2024]
Finished job 5.
6 of 35 steps (17%) done
Select jobs to execute...

[Fri Oct 18 15:32:46 2024]
rule barcode_id:
    input: /central/scratchio/mblanco/albert/sprite_test_sample/workup/trimmed/DPM_first_R1.part_000_val_1_RDtrim.fq.gz, /central/scratchio/mblanco/albert/sprite_test_sample/workup/trimmed/DPM_first_R2.part_000_val_2_RDtrim.fq.gz
    output: /central/scratchio/mblanco/albert/sprite_test_sample/workup/fastqs/DPM_first_R1.part_000.barcoded.fastq.gz, /central/scratchio/mblanco/albert/sprite_test_sample/workup/fastqs/DPM_first_R2.part_000.barcoded.fastq.gz
    log: /central/scratchio/mblanco/albert/sprite_test_sample/workup/logs/DPM_first.000.bID.log
    jobid: 7
    reason: Input files updated by another job: /central/scratchio/mblanco/albert/sprite_test_sample/workup/trimmed/DPM_first_R2.part_000_val_2_RDtrim.fq.gz, /central/scratchio/mblanco/albert/sprite_test_sample/workup/trimmed/DPM_first_R1.part_000_val_1_RDtrim.fq.gz
    wildcards: sample=DPM_first, splitid=000
    resources: mem_mb=1000, mem_mib=954, disk_mb=1000, disk_mib=954, tmpdir=<TBD>

Submitted job 7 with external jobid 'Submitted batch job 44571777'.
[Fri Oct 18 15:32:46 2024]
Finished job 8.
7 of 35 steps (20%) done
Select jobs to execute...

[Fri Oct 18 15:32:46 2024]
rule split_rpm_dpm:
    input: /central/scratchio/mblanco/albert/sprite_test_sample/workup/fastqs/DPM_first_R1.part_001.barcoded.fastq.gz
    output: /central/scratchio/mblanco/albert/sprite_test_sample/workup/fastqs/DPM_first_R1.part_001.barcoded_dpm.fastq.gz, /central/scratchio/mblanco/albert/sprite_test_sample/workup/fastqs/DPM_first_R1.part_001.barcoded_rpm.fastq.gz, /central/scratchio/mblanco/albert/sprite_test_sample/workup/fastqs/DPM_first_R1.part_001.barcoded_other.fastq.gz, /central/scratchio/mblanco/albert/sprite_test_sample/workup/fastqs/DPM_first_R1.part_001.barcoded_short.fastq.gz
    log: /central/scratchio/mblanco/albert/sprite_test_sample/workup/logs/DPM_first.001.RPM_DPM.log
    jobid: 13
    reason: Input files updated by another job: /central/scratchio/mblanco/albert/sprite_test_sample/workup/fastqs/DPM_first_R1.part_001.barcoded.fastq.gz
    wildcards: sample=DPM_first, splitid=001
    resources: mem_mb=1000, mem_mib=954, disk_mb=1000, disk_mib=954, tmpdir=<TBD>

Submitted job 13 with external jobid 'Submitted batch job 44571778'.

[Fri Oct 18 15:32:46 2024]
rule get_ligation_efficiency:
    input: /central/scratchio/mblanco/albert/sprite_test_sample/workup/fastqs/DPM_first_R1.part_001.barcoded.fastq.gz
    output: /central/scratchio/mblanco/albert/sprite_test_sample/workup/DPM_first.part_001.ligation_efficiency.txt
    jobid: 11
    reason: Input files updated by another job: /central/scratchio/mblanco/albert/sprite_test_sample/workup/fastqs/DPM_first_R1.part_001.barcoded.fastq.gz
    wildcards: sample=DPM_first, splitid=001
    resources: mem_mb=1000, mem_mib=954, disk_mb=1000, disk_mib=954, tmpdir=<TBD>

Submitted job 11 with external jobid 'Submitted batch job 44571779'.
[Fri Oct 18 15:32:56 2024]
Finished job 7.
8 of 35 steps (23%) done
Select jobs to execute...

[Fri Oct 18 15:32:56 2024]
rule get_ligation_efficiency:
    input: /central/scratchio/mblanco/albert/sprite_test_sample/workup/fastqs/DPM_first_R1.part_000.barcoded.fastq.gz
    output: /central/scratchio/mblanco/albert/sprite_test_sample/workup/DPM_first.part_000.ligation_efficiency.txt
    jobid: 10
    reason: Missing output files: /central/scratchio/mblanco/albert/sprite_test_sample/workup/DPM_first.part_000.ligation_efficiency.txt; Input files updated by another job: /central/scratchio/mblanco/albert/sprite_test_sample/workup/fastqs/DPM_first_R1.part_000.barcoded.fastq.gz
    wildcards: sample=DPM_first, splitid=000
    resources: mem_mb=1000, mem_mib=954, disk_mb=1000, disk_mib=954, tmpdir=<TBD>

Submitted job 10 with external jobid 'Submitted batch job 44571781'.

[Fri Oct 18 15:32:56 2024]
rule split_rpm_dpm:
    input: /central/scratchio/mblanco/albert/sprite_test_sample/workup/fastqs/DPM_first_R1.part_000.barcoded.fastq.gz
    output: /central/scratchio/mblanco/albert/sprite_test_sample/workup/fastqs/DPM_first_R1.part_000.barcoded_dpm.fastq.gz, /central/scratchio/mblanco/albert/sprite_test_sample/workup/fastqs/DPM_first_R1.part_000.barcoded_rpm.fastq.gz, /central/scratchio/mblanco/albert/sprite_test_sample/workup/fastqs/DPM_first_R1.part_000.barcoded_other.fastq.gz, /central/scratchio/mblanco/albert/sprite_test_sample/workup/fastqs/DPM_first_R1.part_000.barcoded_short.fastq.gz
    log: /central/scratchio/mblanco/albert/sprite_test_sample/workup/logs/DPM_first.000.RPM_DPM.log
    jobid: 12
    reason: Input files updated by another job: /central/scratchio/mblanco/albert/sprite_test_sample/workup/fastqs/DPM_first_R1.part_000.barcoded.fastq.gz
    wildcards: sample=DPM_first, splitid=000
    resources: mem_mb=1000, mem_mib=954, disk_mb=1000, disk_mib=954, tmpdir=<TBD>

Submitted job 12 with external jobid 'Submitted batch job 44571782'.
[Fri Oct 18 15:32:57 2024]
Finished job 13.
9 of 35 steps (26%) done
[Fri Oct 18 15:32:57 2024]
Finished job 11.
10 of 35 steps (29%) done
Select jobs to execute...

[Fri Oct 18 15:32:57 2024]
rule bowtie2_align:
    input: /central/scratchio/mblanco/albert/sprite_test_sample/workup/fastqs/DPM_first_R1.part_001.barcoded_dpm.fastq.gz
    output: /central/scratchio/mblanco/albert/sprite_test_sample/workup/alignments_pieces/DPM_first.part_001.DNA.bowtie2.mapq20.bam, /central/scratchio/mblanco/albert/sprite_test_sample/workup/alignments_pieces/DPM_first.part_001.unsorted.bam
    log: /central/scratchio/mblanco/albert/sprite_test_sample/workup/logs/DPM_first.001.bowtie2.log
    jobid: 15
    reason: Input files updated by another job: /central/scratchio/mblanco/albert/sprite_test_sample/workup/fastqs/DPM_first_R1.part_001.barcoded_dpm.fastq.gz
    wildcards: sample=DPM_first, splitid=001
    threads: 10
    resources: mem_mb=1000, mem_mib=954, disk_mb=1000, disk_mib=954, tmpdir=<TBD>

Submitted job 15 with external jobid 'Submitted batch job 44571783'.

[Fri Oct 18 15:32:57 2024]
rule hisat2_align:
    input: /central/scratchio/mblanco/albert/sprite_test_sample/workup/fastqs/DPM_first_R1.part_001.barcoded_rpm.fastq.gz
    output: /central/scratchio/mblanco/albert/sprite_test_sample/workup/alignments_pieces/DPM_first.part_001.RNA.hisat2.bam, /central/scratchio/mblanco/albert/sprite_test_sample/workup/alignments_pieces/DPM_first.part_001.RNA.hisat2.mapq20.unsorted.bam, /central/scratchio/mblanco/albert/sprite_test_sample/workup/alignments_pieces/DPM_first.part_001.RNA.hisat2.mapq20.bam, /central/scratchio/mblanco/albert/sprite_test_sample/workup/alignments_pieces/DPM_first.part_001.RNA.hisat2.unmapped.lowmq.bam, /central/scratchio/mblanco/albert/sprite_test_sample/workup/alignments_pieces/DPM_first.part_001.RNA.hisat2.unmapped.lowmq.fq.gz
    log: /central/scratchio/mblanco/albert/sprite_test_sample/workup/logs/DPM_first.001.hisat2.log
    jobid: 17
    reason: Missing output files: /central/scratchio/mblanco/albert/sprite_test_sample/workup/alignments_pieces/DPM_first.part_001.RNA.hisat2.unmapped.lowmq.fq.gz, /central/scratchio/mblanco/albert/sprite_test_sample/workup/alignments_pieces/DPM_first.part_001.RNA.hisat2.mapq20.bam; Input files updated by another job: /central/scratchio/mblanco/albert/sprite_test_sample/workup/fastqs/DPM_first_R1.part_001.barcoded_rpm.fastq.gz
    wildcards: sample=DPM_first, splitid=001
    threads: 10
    resources: mem_mb=1000, mem_mib=954, disk_mb=1000, disk_mib=954, tmpdir=<TBD>

Submitted job 17 with external jobid 'Submitted batch job 44571784'.
[Fri Oct 18 15:33:06 2024]
Finished job 10.
11 of 35 steps (31%) done
Select jobs to execute...

[Fri Oct 18 15:33:06 2024]
rule cat_ligation_efficiency:
    input: /central/scratchio/mblanco/albert/sprite_test_sample/workup/DPM_first.part_000.ligation_efficiency.txt, /central/scratchio/mblanco/albert/sprite_test_sample/workup/DPM_first.part_001.ligation_efficiency.txt
    output: /central/scratchio/mblanco/albert/sprite_test_sample/workup/ligation_efficiency.txt
    jobid: 9
    reason: Missing output files: /central/scratchio/mblanco/albert/sprite_test_sample/workup/ligation_efficiency.txt; Input files updated by another job: /central/scratchio/mblanco/albert/sprite_test_sample/workup/DPM_first.part_001.ligation_efficiency.txt, /central/scratchio/mblanco/albert/sprite_test_sample/workup/DPM_first.part_000.ligation_efficiency.txt
    resources: mem_mb=1000, mem_mib=954, disk_mb=1000, disk_mib=954, tmpdir=<TBD>

[Fri Oct 18 15:33:06 2024]
Error in rule hisat2_align:
    jobid: 17
    input: /central/scratchio/mblanco/albert/sprite_test_sample/workup/fastqs/DPM_first_R1.part_001.barcoded_rpm.fastq.gz
    output: /central/scratchio/mblanco/albert/sprite_test_sample/workup/alignments_pieces/DPM_first.part_001.RNA.hisat2.bam, /central/scratchio/mblanco/albert/sprite_test_sample/workup/alignments_pieces/DPM_first.part_001.RNA.hisat2.mapq20.unsorted.bam, /central/scratchio/mblanco/albert/sprite_test_sample/workup/alignments_pieces/DPM_first.part_001.RNA.hisat2.mapq20.bam, /central/scratchio/mblanco/albert/sprite_test_sample/workup/alignments_pieces/DPM_first.part_001.RNA.hisat2.unmapped.lowmq.bam, /central/scratchio/mblanco/albert/sprite_test_sample/workup/alignments_pieces/DPM_first.part_001.RNA.hisat2.unmapped.lowmq.fq.gz
    log: /central/scratchio/mblanco/albert/sprite_test_sample/workup/logs/DPM_first.001.hisat2.log (check log file(s) for error details)
    conda-env: chipdip
    shell:
        
        (hisat2 --end-to-end         -p 10         -t         --phred33         --known-splicesite-infile /groups/guttman/SPRITE_pipelines/genomes/mm10/hisat2/Mus_musculus.GRCm38.95.ss         -x /groups/guttman/SPRITE_pipelines/genomes/mm10/hisat2/GRCm38.p6         -U /central/scratchio/mblanco/albert/sprite_test_sample/workup/fastqs/DPM_first_R1.part_001.barcoded_rpm.fastq.gz |         samtools view -b -F 256 - > /central/scratchio/mblanco/albert/sprite_test_sample/workup/alignments_pieces/DPM_first.part_001.RNA.hisat2.bam) &> /central/scratchio/mblanco/albert/sprite_test_sample/workup/logs/DPM_first.001.hisat2.log
        #split out unmapped and low mapq reads for realignment to repeats
        samtools view -bq 20 -U /central/scratchio/mblanco/albert/sprite_test_sample/workup/alignments_pieces/DPM_first.part_001.RNA.hisat2.unmapped.lowmq.bam -F 4 /central/scratchio/mblanco/albert/sprite_test_sample/workup/alignments_pieces/DPM_first.part_001.RNA.hisat2.bam > /central/scratchio/mblanco/albert/sprite_test_sample/workup/alignments_pieces/DPM_first.part_001.RNA.hisat2.mapq20.unsorted.bam
        samtools sort -@ 10 -o /central/scratchio/mblanco/albert/sprite_test_sample/workup/alignments_pieces/DPM_first.part_001.RNA.hisat2.mapq20.bam /central/scratchio/mblanco/albert/sprite_test_sample/workup/alignments_pieces/DPM_first.part_001.RNA.hisat2.mapq20.unsorted.bam
        samtools bam2fq -@ 10 /central/scratchio/mblanco/albert/sprite_test_sample/workup/alignments_pieces/DPM_first.part_001.RNA.hisat2.unmapped.lowmq.bam > /central/scratchio/mblanco/albert/sprite_test_sample/workup/alignments/DPM_first.RNA.hisat2.unmapped.lowmq.fq
        pigz /central/scratchio/mblanco/albert/sprite_test_sample/workup/alignments/DPM_first.RNA.hisat2.unmapped.lowmq.fq
        
        (one of the commands exited with non-zero exit code; note that snakemake uses bash strict mode!)
    cluster_jobid: Submitted batch job 44571784

Error executing rule hisat2_align on cluster (jobid: 17, external: Submitted batch job 44571784, jobscript: /central/home/zyang4/RDSPRITE_v4/.snakemake/tmp.e62tfe7u/snakejob.hisat2_align.17.sh). For error details see the cluster log and the log files of the involved rule(s).
Submitted job 9 with external jobid 'Submitted batch job 44571786'.
[Fri Oct 18 15:33:06 2024]
Finished job 12.
12 of 35 steps (34%) done
[Fri Oct 18 15:33:17 2024]
Finished job 15.
13 of 35 steps (37%) done
Removing temporary output /central/scratchio/mblanco/albert/sprite_test_sample/workup/alignments_pieces/DPM_first.part_001.unsorted.bam.
[Fri Oct 18 15:33:17 2024]
Finished job 9.
14 of 35 steps (40%) done
Removing temporary output /central/scratchio/mblanco/albert/sprite_test_sample/workup/DPM_first.part_000.ligation_efficiency.txt.
Removing temporary output /central/scratchio/mblanco/albert/sprite_test_sample/workup/DPM_first.part_001.ligation_efficiency.txt.
Shutting down, this might take some time.
Exiting because a job execution failed. Look above for error message
Complete log: .snakemake/log/2024-10-18T153058.714118.snakemake.log
