Config file config.yaml is extended by additional config specified via the command line.
Building DAG of jobs...
Using shell: /usr/bin/bash
Provided cluster nodes: 64
Job stats:
job                          count
-------------------------  -------
adaptor_trimming_pe              2
add_chr_RNA_DNA                  2
add_tags_bowtie2                 2
all                              1
annotate_rna                     1
barcode_id                       2
bowtie2_align                    2
bowtie2_align_rna_repeats        2
cat_ligation_efficiency          1
cat_outlier_regions              1
combine_annotations_rna          1
custom_mask                      1
cutadapt_dpm                     2
cutadapt_rpm                     2
deduplicate_rRNA                 1
filter_outlier_regions           1
find_outlier_regions             1
get_ligation_efficiency          2
hisat2_align                     2
make_merged_clusters             1
merge_dna                        1
merge_rna                        1
merge_rrna                       1
rename_clusters                  1
repeat_mask                      2
split_rpm_dpm                    2
splitfq_R1                       1
splitfq_R2                       1
total                           40

Select jobs to execute...

[Mon Oct 28 15:46:53 2024]
rule splitfq_R1:
    input: /central/scratchio/mblanco/albert/sprite_test/DPM_first_subset_R1.fastq.gz
    output: /central/scratchio/mblanco/albert/sprite_test_sample_old/workup/splitfq/DPM_first_R1.part_000.fastq.gz, /central/scratchio/mblanco/albert/sprite_test_sample_old/workup/splitfq/DPM_first_R1.part_001.fastq.gz
    log: /central/scratchio/mblanco/albert/sprite_test_sample_old/workup/logs/DPM_first.splitfq_R1.log
    jobid: 2
    reason: Missing output files: /central/scratchio/mblanco/albert/sprite_test_sample_old/workup/splitfq/DPM_first_R1.part_001.fastq.gz, /central/scratchio/mblanco/albert/sprite_test_sample_old/workup/splitfq/DPM_first_R1.part_000.fastq.gz; Code has changed since last execution; Params have changed since last execution
    wildcards: sample=DPM_first
    threads: 8
    resources: mem_mb=1000, mem_mib=954, disk_mb=1000, disk_mib=954, tmpdir=<TBD>

Submitted job 2 with external jobid 'Submitted batch job 44696366'.

[Mon Oct 28 15:46:54 2024]
rule splitfq_R2:
    input: /central/scratchio/mblanco/albert/sprite_test/DPM_first_subset_R2.fastq.gz
    output: /central/scratchio/mblanco/albert/sprite_test_sample_old/workup/splitfq/DPM_first_R2.part_000.fastq.gz, /central/scratchio/mblanco/albert/sprite_test_sample_old/workup/splitfq/DPM_first_R2.part_001.fastq.gz
    log: /central/scratchio/mblanco/albert/sprite_test_sample_old/workup/logs/DPM_first.splitfq.log
    jobid: 3
    reason: Missing output files: /central/scratchio/mblanco/albert/sprite_test_sample_old/workup/splitfq/DPM_first_R2.part_000.fastq.gz, /central/scratchio/mblanco/albert/sprite_test_sample_old/workup/splitfq/DPM_first_R2.part_001.fastq.gz; Code has changed since last execution; Params have changed since last execution
    wildcards: sample=DPM_first
    threads: 8
    resources: mem_mb=1000, mem_mib=954, disk_mb=1000, disk_mib=954, tmpdir=<TBD>

Submitted job 3 with external jobid 'Submitted batch job 44696367'.
[Mon Oct 28 15:47:03 2024]
Finished job 2.
1 of 40 steps (2%) done
[Mon Oct 28 15:47:03 2024]
Finished job 3.
2 of 40 steps (5%) done
Select jobs to execute...

[Mon Oct 28 15:47:03 2024]
rule adaptor_trimming_pe:
    input: /central/scratchio/mblanco/albert/sprite_test_sample_old/workup/splitfq/DPM_first_R1.part_001.fastq.gz, /central/scratchio/mblanco/albert/sprite_test_sample_old/workup/splitfq/DPM_first_R2.part_001.fastq.gz
    output: /central/scratchio/mblanco/albert/sprite_test_sample_old/workup/trimmed/DPM_first_R1.part_001_val_1.fq.gz, /central/scratchio/mblanco/albert/sprite_test_sample_old/workup/trimmed/DPM_first_R1.part_001.fastq.gz_trimming_report.txt, /central/scratchio/mblanco/albert/sprite_test_sample_old/workup/trimmed/DPM_first_R2.part_001_val_2.fq.gz, /central/scratchio/mblanco/albert/sprite_test_sample_old/workup/trimmed/DPM_first_R2.part_001.fastq.gz_trimming_report.txt
    log: /central/scratchio/mblanco/albert/sprite_test_sample_old/workup/logs/DPM_first.001.trim_galore.log
    jobid: 4
    reason: Missing output files: /central/scratchio/mblanco/albert/sprite_test_sample_old/workup/trimmed/DPM_first_R2.part_001.fastq.gz_trimming_report.txt, /central/scratchio/mblanco/albert/sprite_test_sample_old/workup/trimmed/DPM_first_R1.part_001_val_1.fq.gz, /central/scratchio/mblanco/albert/sprite_test_sample_old/workup/trimmed/DPM_first_R1.part_001.fastq.gz_trimming_report.txt, /central/scratchio/mblanco/albert/sprite_test_sample_old/workup/trimmed/DPM_first_R2.part_001_val_2.fq.gz; Input files updated by another job: /central/scratchio/mblanco/albert/sprite_test_sample_old/workup/splitfq/DPM_first_R2.part_001.fastq.gz, /central/scratchio/mblanco/albert/sprite_test_sample_old/workup/splitfq/DPM_first_R1.part_001.fastq.gz
    wildcards: sample=DPM_first, splitid=001
    threads: 10
    resources: mem_mb=1000, mem_mib=954, disk_mb=1000, disk_mib=954, tmpdir=<TBD>

Submitted job 4 with external jobid 'Submitted batch job 44696368'.

[Mon Oct 28 15:47:03 2024]
rule adaptor_trimming_pe:
    input: /central/scratchio/mblanco/albert/sprite_test_sample_old/workup/splitfq/DPM_first_R1.part_000.fastq.gz, /central/scratchio/mblanco/albert/sprite_test_sample_old/workup/splitfq/DPM_first_R2.part_000.fastq.gz
    output: /central/scratchio/mblanco/albert/sprite_test_sample_old/workup/trimmed/DPM_first_R1.part_000_val_1.fq.gz, /central/scratchio/mblanco/albert/sprite_test_sample_old/workup/trimmed/DPM_first_R1.part_000.fastq.gz_trimming_report.txt, /central/scratchio/mblanco/albert/sprite_test_sample_old/workup/trimmed/DPM_first_R2.part_000_val_2.fq.gz, /central/scratchio/mblanco/albert/sprite_test_sample_old/workup/trimmed/DPM_first_R2.part_000.fastq.gz_trimming_report.txt
    log: /central/scratchio/mblanco/albert/sprite_test_sample_old/workup/logs/DPM_first.000.trim_galore.log
    jobid: 1
    reason: Missing output files: /central/scratchio/mblanco/albert/sprite_test_sample_old/workup/trimmed/DPM_first_R2.part_000_val_2.fq.gz, /central/scratchio/mblanco/albert/sprite_test_sample_old/workup/trimmed/DPM_first_R2.part_000.fastq.gz_trimming_report.txt, /central/scratchio/mblanco/albert/sprite_test_sample_old/workup/trimmed/DPM_first_R1.part_000.fastq.gz_trimming_report.txt, /central/scratchio/mblanco/albert/sprite_test_sample_old/workup/trimmed/DPM_first_R1.part_000_val_1.fq.gz; Input files updated by another job: /central/scratchio/mblanco/albert/sprite_test_sample_old/workup/splitfq/DPM_first_R2.part_000.fastq.gz, /central/scratchio/mblanco/albert/sprite_test_sample_old/workup/splitfq/DPM_first_R1.part_000.fastq.gz
    wildcards: sample=DPM_first, splitid=000
    threads: 10
    resources: mem_mb=1000, mem_mib=954, disk_mb=1000, disk_mib=954, tmpdir=<TBD>

Submitted job 1 with external jobid 'Submitted batch job 44696369'.
[Mon Oct 28 15:47:43 2024]
Finished job 4.
3 of 40 steps (8%) done
Select jobs to execute...

[Mon Oct 28 15:47:43 2024]
rule barcode_id:
    input: /central/scratchio/mblanco/albert/sprite_test_sample_old/workup/trimmed/DPM_first_R1.part_001_val_1.fq.gz, /central/scratchio/mblanco/albert/sprite_test_sample_old/workup/trimmed/DPM_first_R2.part_001_val_2.fq.gz
    output: /central/scratchio/mblanco/albert/sprite_test_sample_old/workup/fastqs/DPM_first_R1.part_001.barcoded.fastq.gz, /central/scratchio/mblanco/albert/sprite_test_sample_old/workup/fastqs/DPM_first_R2.part_001.barcoded.fastq.gz
    log: /central/scratchio/mblanco/albert/sprite_test_sample_old/workup/logs/DPM_first.001.bID.log
    jobid: 6
    reason: Missing output files: /central/scratchio/mblanco/albert/sprite_test_sample_old/workup/fastqs/DPM_first_R1.part_001.barcoded.fastq.gz, /central/scratchio/mblanco/albert/sprite_test_sample_old/workup/fastqs/DPM_first_R2.part_001.barcoded.fastq.gz; Input files updated by another job: /central/scratchio/mblanco/albert/sprite_test_sample_old/workup/trimmed/DPM_first_R1.part_001_val_1.fq.gz, /central/scratchio/mblanco/albert/sprite_test_sample_old/workup/trimmed/DPM_first_R2.part_001_val_2.fq.gz
    wildcards: sample=DPM_first, splitid=001
    resources: mem_mb=1000, mem_mib=954, disk_mb=1000, disk_mib=954, tmpdir=<TBD>

Submitted job 6 with external jobid 'Submitted batch job 44696372'.
[Mon Oct 28 15:47:43 2024]
Finished job 1.
4 of 40 steps (10%) done
Select jobs to execute...

[Mon Oct 28 15:47:43 2024]
rule barcode_id:
    input: /central/scratchio/mblanco/albert/sprite_test_sample_old/workup/trimmed/DPM_first_R1.part_000_val_1.fq.gz, /central/scratchio/mblanco/albert/sprite_test_sample_old/workup/trimmed/DPM_first_R2.part_000_val_2.fq.gz
    output: /central/scratchio/mblanco/albert/sprite_test_sample_old/workup/fastqs/DPM_first_R1.part_000.barcoded.fastq.gz, /central/scratchio/mblanco/albert/sprite_test_sample_old/workup/fastqs/DPM_first_R2.part_000.barcoded.fastq.gz
    log: /central/scratchio/mblanco/albert/sprite_test_sample_old/workup/logs/DPM_first.000.bID.log
    jobid: 5
    reason: Missing output files: /central/scratchio/mblanco/albert/sprite_test_sample_old/workup/fastqs/DPM_first_R2.part_000.barcoded.fastq.gz, /central/scratchio/mblanco/albert/sprite_test_sample_old/workup/fastqs/DPM_first_R1.part_000.barcoded.fastq.gz; Input files updated by another job: /central/scratchio/mblanco/albert/sprite_test_sample_old/workup/trimmed/DPM_first_R2.part_000_val_2.fq.gz, /central/scratchio/mblanco/albert/sprite_test_sample_old/workup/trimmed/DPM_first_R1.part_000_val_1.fq.gz
    wildcards: sample=DPM_first, splitid=000
    resources: mem_mb=1000, mem_mib=954, disk_mb=1000, disk_mib=954, tmpdir=<TBD>

Submitted job 5 with external jobid 'Submitted batch job 44696373'.
[Mon Oct 28 15:47:53 2024]
Finished job 6.
5 of 40 steps (12%) done
Select jobs to execute...

[Mon Oct 28 15:47:53 2024]
rule split_rpm_dpm:
    input: /central/scratchio/mblanco/albert/sprite_test_sample_old/workup/fastqs/DPM_first_R1.part_001.barcoded.fastq.gz
    output: /central/scratchio/mblanco/albert/sprite_test_sample_old/workup/fastqs/DPM_first_R1.part_001.barcoded_dpm.fastq.gz, /central/scratchio/mblanco/albert/sprite_test_sample_old/workup/fastqs/DPM_first_R1.part_001.barcoded_rpm.fastq.gz, /central/scratchio/mblanco/albert/sprite_test_sample_old/workup/fastqs/DPM_first_R1.part_001.barcoded_other.fastq.gz, /central/scratchio/mblanco/albert/sprite_test_sample_old/workup/fastqs/DPM_first_R1.part_001.barcoded_short.fastq.gz
    log: /central/scratchio/mblanco/albert/sprite_test_sample_old/workup/logs/DPM_first.001.RPM_DPM.log
    jobid: 11
    reason: Missing output files: /central/scratchio/mblanco/albert/sprite_test_sample_old/workup/fastqs/DPM_first_R1.part_001.barcoded_rpm.fastq.gz, /central/scratchio/mblanco/albert/sprite_test_sample_old/workup/fastqs/DPM_first_R1.part_001.barcoded_dpm.fastq.gz; Input files updated by another job: /central/scratchio/mblanco/albert/sprite_test_sample_old/workup/fastqs/DPM_first_R1.part_001.barcoded.fastq.gz
    wildcards: sample=DPM_first, splitid=001
    resources: mem_mb=1000, mem_mib=954, disk_mb=1000, disk_mib=954, tmpdir=<TBD>

Submitted job 11 with external jobid 'Submitted batch job 44696374'.

[Mon Oct 28 15:47:53 2024]
rule get_ligation_efficiency:
    input: /central/scratchio/mblanco/albert/sprite_test_sample_old/workup/fastqs/DPM_first_R1.part_001.barcoded.fastq.gz
    output: /central/scratchio/mblanco/albert/sprite_test_sample_old/workup/DPM_first.part_001.ligation_efficiency.txt
    jobid: 9
    reason: Missing output files: /central/scratchio/mblanco/albert/sprite_test_sample_old/workup/DPM_first.part_001.ligation_efficiency.txt; Input files updated by another job: /central/scratchio/mblanco/albert/sprite_test_sample_old/workup/fastqs/DPM_first_R1.part_001.barcoded.fastq.gz
    wildcards: sample=DPM_first, splitid=001
    resources: mem_mb=1000, mem_mib=954, disk_mb=1000, disk_mib=954, tmpdir=<TBD>

Submitted job 9 with external jobid 'Submitted batch job 44696375'.
[Mon Oct 28 15:47:53 2024]
Finished job 5.
6 of 40 steps (15%) done
Select jobs to execute...

[Mon Oct 28 15:47:53 2024]
rule get_ligation_efficiency:
    input: /central/scratchio/mblanco/albert/sprite_test_sample_old/workup/fastqs/DPM_first_R1.part_000.barcoded.fastq.gz
    output: /central/scratchio/mblanco/albert/sprite_test_sample_old/workup/DPM_first.part_000.ligation_efficiency.txt
    jobid: 8
    reason: Missing output files: /central/scratchio/mblanco/albert/sprite_test_sample_old/workup/DPM_first.part_000.ligation_efficiency.txt; Input files updated by another job: /central/scratchio/mblanco/albert/sprite_test_sample_old/workup/fastqs/DPM_first_R1.part_000.barcoded.fastq.gz
    wildcards: sample=DPM_first, splitid=000
    resources: mem_mb=1000, mem_mib=954, disk_mb=1000, disk_mib=954, tmpdir=<TBD>

Submitted job 8 with external jobid 'Submitted batch job 44696376'.

[Mon Oct 28 15:47:53 2024]
rule split_rpm_dpm:
    input: /central/scratchio/mblanco/albert/sprite_test_sample_old/workup/fastqs/DPM_first_R1.part_000.barcoded.fastq.gz
    output: /central/scratchio/mblanco/albert/sprite_test_sample_old/workup/fastqs/DPM_first_R1.part_000.barcoded_dpm.fastq.gz, /central/scratchio/mblanco/albert/sprite_test_sample_old/workup/fastqs/DPM_first_R1.part_000.barcoded_rpm.fastq.gz, /central/scratchio/mblanco/albert/sprite_test_sample_old/workup/fastqs/DPM_first_R1.part_000.barcoded_other.fastq.gz, /central/scratchio/mblanco/albert/sprite_test_sample_old/workup/fastqs/DPM_first_R1.part_000.barcoded_short.fastq.gz
    log: /central/scratchio/mblanco/albert/sprite_test_sample_old/workup/logs/DPM_first.000.RPM_DPM.log
    jobid: 10
    reason: Missing output files: /central/scratchio/mblanco/albert/sprite_test_sample_old/workup/fastqs/DPM_first_R1.part_000.barcoded_dpm.fastq.gz, /central/scratchio/mblanco/albert/sprite_test_sample_old/workup/fastqs/DPM_first_R1.part_000.barcoded_rpm.fastq.gz; Input files updated by another job: /central/scratchio/mblanco/albert/sprite_test_sample_old/workup/fastqs/DPM_first_R1.part_000.barcoded.fastq.gz
    wildcards: sample=DPM_first, splitid=000
    resources: mem_mb=1000, mem_mib=954, disk_mb=1000, disk_mib=954, tmpdir=<TBD>

Submitted job 10 with external jobid 'Submitted batch job 44696377'.
[Mon Oct 28 15:48:03 2024]
Finished job 11.
7 of 40 steps (18%) done
Select jobs to execute...

[Mon Oct 28 15:48:03 2024]
rule cutadapt_dpm:
    input: /central/scratchio/mblanco/albert/sprite_test_sample_old/workup/fastqs/DPM_first_R1.part_001.barcoded_dpm.fastq.gz
    output: /central/scratchio/mblanco/albert/sprite_test_sample_old/workup/filtered/DPM_first_R1.part_001.barcoded_dpm_RDTrim.fastq.gz, /central/scratchio/mblanco/albert/sprite_test_sample_old/workup/fastqs/DPM_first_R1.part_001.barcoded_dpm.dpm.fastq.gz, /central/scratchio/mblanco/albert/sprite_test_sample_old/workup/fastqs/DPM_first_R1.part_001.barcoded_dpm.rpm.fastq.gz
    log: /central/scratchio/mblanco/albert/sprite_test_sample_old/workup/logs/DPM_first.001.cutadapt_dpm.log
    jobid: 13
    reason: Missing output files: /central/scratchio/mblanco/albert/sprite_test_sample_old/workup/filtered/DPM_first_R1.part_001.barcoded_dpm_RDTrim.fastq.gz; Input files updated by another job: /central/scratchio/mblanco/albert/sprite_test_sample_old/workup/fastqs/DPM_first_R1.part_001.barcoded_dpm.fastq.gz
    wildcards: sample=DPM_first, splitid=001
    threads: 10
    resources: mem_mb=1000, mem_mib=954, disk_mb=1000, disk_mib=954, tmpdir=<TBD>

Submitted job 13 with external jobid 'Submitted batch job 44696378'.

[Mon Oct 28 15:48:03 2024]
rule cutadapt_rpm:
    input: /central/scratchio/mblanco/albert/sprite_test_sample_old/workup/fastqs/DPM_first_R1.part_001.barcoded_rpm.fastq.gz
    output: /central/scratchio/mblanco/albert/sprite_test_sample_old/workup/filtered/DPM_first_R1.part_001.barcoded_rpm_RDTrim.fastq.gz, /central/scratchio/mblanco/albert/sprite_test_sample_old/workup/fastqs/DPM_first_R1.part_001.barcoded_rpm.dpm.fastq.gz, /central/scratchio/mblanco/albert/sprite_test_sample_old/workup/fastqs/DPM_first_R1.part_001.barcoded_rpm.rpm.fastq.gz
    log: /central/scratchio/mblanco/albert/sprite_test_sample_old/workup/logs/DPM_first.001.cutadapt_rpm.log
    jobid: 15
    reason: Missing output files: /central/scratchio/mblanco/albert/sprite_test_sample_old/workup/filtered/DPM_first_R1.part_001.barcoded_rpm_RDTrim.fastq.gz; Input files updated by another job: /central/scratchio/mblanco/albert/sprite_test_sample_old/workup/fastqs/DPM_first_R1.part_001.barcoded_rpm.fastq.gz
    wildcards: sample=DPM_first, splitid=001
    threads: 10
    resources: mem_mb=1000, mem_mib=954, disk_mb=1000, disk_mib=954, tmpdir=<TBD>

Submitted job 15 with external jobid 'Submitted batch job 44696379'.
[Mon Oct 28 15:48:03 2024]
Finished job 9.
8 of 40 steps (20%) done
[Mon Oct 28 15:48:03 2024]
Finished job 8.
9 of 40 steps (22%) done
[Mon Oct 28 15:48:03 2024]
Finished job 10.
10 of 40 steps (25%) done
Select jobs to execute...

[Mon Oct 28 15:48:03 2024]
rule cutadapt_rpm:
    input: /central/scratchio/mblanco/albert/sprite_test_sample_old/workup/fastqs/DPM_first_R1.part_000.barcoded_rpm.fastq.gz
    output: /central/scratchio/mblanco/albert/sprite_test_sample_old/workup/filtered/DPM_first_R1.part_000.barcoded_rpm_RDTrim.fastq.gz, /central/scratchio/mblanco/albert/sprite_test_sample_old/workup/fastqs/DPM_first_R1.part_000.barcoded_rpm.dpm.fastq.gz, /central/scratchio/mblanco/albert/sprite_test_sample_old/workup/fastqs/DPM_first_R1.part_000.barcoded_rpm.rpm.fastq.gz
    log: /central/scratchio/mblanco/albert/sprite_test_sample_old/workup/logs/DPM_first.000.cutadapt_rpm.log
    jobid: 14
    reason: Missing output files: /central/scratchio/mblanco/albert/sprite_test_sample_old/workup/filtered/DPM_first_R1.part_000.barcoded_rpm_RDTrim.fastq.gz; Input files updated by another job: /central/scratchio/mblanco/albert/sprite_test_sample_old/workup/fastqs/DPM_first_R1.part_000.barcoded_rpm.fastq.gz
    wildcards: sample=DPM_first, splitid=000
    threads: 10
    resources: mem_mb=1000, mem_mib=954, disk_mb=1000, disk_mib=954, tmpdir=<TBD>

Submitted job 14 with external jobid 'Submitted batch job 44696380'.

[Mon Oct 28 15:48:03 2024]
rule cat_ligation_efficiency:
    input: /central/scratchio/mblanco/albert/sprite_test_sample_old/workup/DPM_first.part_000.ligation_efficiency.txt, /central/scratchio/mblanco/albert/sprite_test_sample_old/workup/DPM_first.part_001.ligation_efficiency.txt
    output: /central/scratchio/mblanco/albert/sprite_test_sample_old/workup/ligation_efficiency.txt
    jobid: 7
    reason: Missing output files: /central/scratchio/mblanco/albert/sprite_test_sample_old/workup/ligation_efficiency.txt; Input files updated by another job: /central/scratchio/mblanco/albert/sprite_test_sample_old/workup/DPM_first.part_001.ligation_efficiency.txt, /central/scratchio/mblanco/albert/sprite_test_sample_old/workup/DPM_first.part_000.ligation_efficiency.txt
    resources: mem_mb=1000, mem_mib=954, disk_mb=1000, disk_mib=954, tmpdir=<TBD>

Submitted job 7 with external jobid 'Submitted batch job 44696381'.

[Mon Oct 28 15:48:03 2024]
rule cutadapt_dpm:
    input: /central/scratchio/mblanco/albert/sprite_test_sample_old/workup/fastqs/DPM_first_R1.part_000.barcoded_dpm.fastq.gz
    output: /central/scratchio/mblanco/albert/sprite_test_sample_old/workup/filtered/DPM_first_R1.part_000.barcoded_dpm_RDTrim.fastq.gz, /central/scratchio/mblanco/albert/sprite_test_sample_old/workup/fastqs/DPM_first_R1.part_000.barcoded_dpm.dpm.fastq.gz, /central/scratchio/mblanco/albert/sprite_test_sample_old/workup/fastqs/DPM_first_R1.part_000.barcoded_dpm.rpm.fastq.gz
    log: /central/scratchio/mblanco/albert/sprite_test_sample_old/workup/logs/DPM_first.000.cutadapt_dpm.log
    jobid: 12
    reason: Missing output files: /central/scratchio/mblanco/albert/sprite_test_sample_old/workup/filtered/DPM_first_R1.part_000.barcoded_dpm_RDTrim.fastq.gz; Input files updated by another job: /central/scratchio/mblanco/albert/sprite_test_sample_old/workup/fastqs/DPM_first_R1.part_000.barcoded_dpm.fastq.gz
    wildcards: sample=DPM_first, splitid=000
    threads: 10
    resources: mem_mb=1000, mem_mib=954, disk_mb=1000, disk_mib=954, tmpdir=<TBD>

Submitted job 12 with external jobid 'Submitted batch job 44696382'.
[Mon Oct 28 15:48:13 2024]
Finished job 13.
11 of 40 steps (28%) done
Removing temporary output /central/scratchio/mblanco/albert/sprite_test_sample_old/workup/fastqs/DPM_first_R1.part_001.barcoded_dpm.dpm.fastq.gz.
Removing temporary output /central/scratchio/mblanco/albert/sprite_test_sample_old/workup/fastqs/DPM_first_R1.part_001.barcoded_dpm.rpm.fastq.gz.
Select jobs to execute...

[Mon Oct 28 15:48:13 2024]
rule bowtie2_align:
    input: /central/scratchio/mblanco/albert/sprite_test_sample_old/workup/filtered/DPM_first_R1.part_001.barcoded_dpm_RDTrim.fastq.gz
    output: /central/scratchio/mblanco/albert/sprite_test_sample_old/workup/alignments_pieces/DPM_first.part_001.DNA.bowtie2.mapq20.bam, /central/scratchio/mblanco/albert/sprite_test_sample_old/workup/alignments_pieces/DPM_first.part_001.unsorted.bam
    log: /central/scratchio/mblanco/albert/sprite_test_sample_old/workup/logs/DPM_first.001.bowtie2.log
    jobid: 17
    reason: Missing output files: /central/scratchio/mblanco/albert/sprite_test_sample_old/workup/alignments_pieces/DPM_first.part_001.DNA.bowtie2.mapq20.bam; Input files updated by another job: /central/scratchio/mblanco/albert/sprite_test_sample_old/workup/filtered/DPM_first_R1.part_001.barcoded_dpm_RDTrim.fastq.gz
    wildcards: sample=DPM_first, splitid=001
    threads: 10
    resources: mem_mb=1000, mem_mib=954, disk_mb=1000, disk_mib=954, tmpdir=<TBD>

Submitted job 17 with external jobid 'Submitted batch job 44696383'.
[Mon Oct 28 15:48:13 2024]
Finished job 15.
12 of 40 steps (30%) done
Removing temporary output /central/scratchio/mblanco/albert/sprite_test_sample_old/workup/fastqs/DPM_first_R1.part_001.barcoded_rpm.dpm.fastq.gz.
Removing temporary output /central/scratchio/mblanco/albert/sprite_test_sample_old/workup/fastqs/DPM_first_R1.part_001.barcoded_rpm.rpm.fastq.gz.
[Mon Oct 28 15:48:13 2024]
Finished job 14.
13 of 40 steps (32%) done
Removing temporary output /central/scratchio/mblanco/albert/sprite_test_sample_old/workup/fastqs/DPM_first_R1.part_000.barcoded_rpm.dpm.fastq.gz.
Removing temporary output /central/scratchio/mblanco/albert/sprite_test_sample_old/workup/fastqs/DPM_first_R1.part_000.barcoded_rpm.rpm.fastq.gz.
[Mon Oct 28 15:48:13 2024]
Finished job 7.
14 of 40 steps (35%) done
Removing temporary output /central/scratchio/mblanco/albert/sprite_test_sample_old/workup/DPM_first.part_000.ligation_efficiency.txt.
Removing temporary output /central/scratchio/mblanco/albert/sprite_test_sample_old/workup/DPM_first.part_001.ligation_efficiency.txt.
[Mon Oct 28 15:48:14 2024]
Finished job 12.
15 of 40 steps (38%) done
Removing temporary output /central/scratchio/mblanco/albert/sprite_test_sample_old/workup/fastqs/DPM_first_R1.part_000.barcoded_dpm.dpm.fastq.gz.
Removing temporary output /central/scratchio/mblanco/albert/sprite_test_sample_old/workup/fastqs/DPM_first_R1.part_000.barcoded_dpm.rpm.fastq.gz.
Select jobs to execute...

[Mon Oct 28 15:48:14 2024]
rule hisat2_align:
    input: /central/scratchio/mblanco/albert/sprite_test_sample_old/workup/filtered/DPM_first_R1.part_000.barcoded_rpm_RDTrim.fastq.gz
    output: /central/scratchio/mblanco/albert/sprite_test_sample_old/workup/alignments_pieces/DPM_first.part_000.RNA.hisat2.bam, /central/scratchio/mblanco/albert/sprite_test_sample_old/workup/alignments_pieces/DPM_first.part_000.RNA.hisat2.mapq20.unsorted.bam, /central/scratchio/mblanco/albert/sprite_test_sample_old/workup/alignments_pieces/DPM_first.part_000.RNA.hisat2.mapq20.bam, /central/scratchio/mblanco/albert/sprite_test_sample_old/workup/alignments_pieces/DPM_first.part_000.RNA.hisat2.unmapped.lowmq.bam, /central/scratchio/mblanco/albert/sprite_test_sample_old/workup/alignments_pieces/DPM_first.part_000.RNA.hisat2.unmapped.lowmq.fq.gz
    log: /central/scratchio/mblanco/albert/sprite_test_sample_old/workup/logs/DPM_first.000.hisat2.log
    jobid: 18
    reason: Missing output files: /central/scratchio/mblanco/albert/sprite_test_sample_old/workup/alignments_pieces/DPM_first.part_000.RNA.hisat2.mapq20.bam, /central/scratchio/mblanco/albert/sprite_test_sample_old/workup/alignments_pieces/DPM_first.part_000.RNA.hisat2.unmapped.lowmq.fq.gz; Input files updated by another job: /central/scratchio/mblanco/albert/sprite_test_sample_old/workup/filtered/DPM_first_R1.part_000.barcoded_rpm_RDTrim.fastq.gz
    wildcards: sample=DPM_first, splitid=000
    threads: 10
    resources: mem_mb=1000, mem_mib=954, disk_mb=1000, disk_mib=954, tmpdir=<TBD>

Submitted job 18 with external jobid 'Submitted batch job 44696384'.

[Mon Oct 28 15:48:14 2024]
rule hisat2_align:
    input: /central/scratchio/mblanco/albert/sprite_test_sample_old/workup/filtered/DPM_first_R1.part_001.barcoded_rpm_RDTrim.fastq.gz
    output: /central/scratchio/mblanco/albert/sprite_test_sample_old/workup/alignments_pieces/DPM_first.part_001.RNA.hisat2.bam, /central/scratchio/mblanco/albert/sprite_test_sample_old/workup/alignments_pieces/DPM_first.part_001.RNA.hisat2.mapq20.unsorted.bam, /central/scratchio/mblanco/albert/sprite_test_sample_old/workup/alignments_pieces/DPM_first.part_001.RNA.hisat2.mapq20.bam, /central/scratchio/mblanco/albert/sprite_test_sample_old/workup/alignments_pieces/DPM_first.part_001.RNA.hisat2.unmapped.lowmq.bam, /central/scratchio/mblanco/albert/sprite_test_sample_old/workup/alignments_pieces/DPM_first.part_001.RNA.hisat2.unmapped.lowmq.fq.gz
    log: /central/scratchio/mblanco/albert/sprite_test_sample_old/workup/logs/DPM_first.001.hisat2.log
    jobid: 19
    reason: Missing output files: /central/scratchio/mblanco/albert/sprite_test_sample_old/workup/alignments_pieces/DPM_first.part_001.RNA.hisat2.mapq20.bam, /central/scratchio/mblanco/albert/sprite_test_sample_old/workup/alignments_pieces/DPM_first.part_001.RNA.hisat2.unmapped.lowmq.fq.gz; Input files updated by another job: /central/scratchio/mblanco/albert/sprite_test_sample_old/workup/filtered/DPM_first_R1.part_001.barcoded_rpm_RDTrim.fastq.gz
    wildcards: sample=DPM_first, splitid=001
    threads: 10
    resources: mem_mb=1000, mem_mib=954, disk_mb=1000, disk_mib=954, tmpdir=<TBD>

Submitted job 19 with external jobid 'Submitted batch job 44696385'.

[Mon Oct 28 15:48:14 2024]
rule bowtie2_align:
    input: /central/scratchio/mblanco/albert/sprite_test_sample_old/workup/filtered/DPM_first_R1.part_000.barcoded_dpm_RDTrim.fastq.gz
    output: /central/scratchio/mblanco/albert/sprite_test_sample_old/workup/alignments_pieces/DPM_first.part_000.DNA.bowtie2.mapq20.bam, /central/scratchio/mblanco/albert/sprite_test_sample_old/workup/alignments_pieces/DPM_first.part_000.unsorted.bam
    log: /central/scratchio/mblanco/albert/sprite_test_sample_old/workup/logs/DPM_first.000.bowtie2.log
    jobid: 16
    reason: Missing output files: /central/scratchio/mblanco/albert/sprite_test_sample_old/workup/alignments_pieces/DPM_first.part_000.DNA.bowtie2.mapq20.bam; Input files updated by another job: /central/scratchio/mblanco/albert/sprite_test_sample_old/workup/filtered/DPM_first_R1.part_000.barcoded_dpm_RDTrim.fastq.gz
    wildcards: sample=DPM_first, splitid=000
    threads: 10
    resources: mem_mb=1000, mem_mib=954, disk_mb=1000, disk_mib=954, tmpdir=<TBD>

Submitted job 16 with external jobid 'Submitted batch job 44696386'.
[Mon Oct 28 15:48:23 2024]
Finished job 17.
16 of 40 steps (40%) done
Removing temporary output /central/scratchio/mblanco/albert/sprite_test_sample_old/workup/alignments_pieces/DPM_first.part_001.unsorted.bam.
[Mon Oct 28 15:48:23 2024]
Finished job 16.
17 of 40 steps (42%) done
Removing temporary output /central/scratchio/mblanco/albert/sprite_test_sample_old/workup/alignments_pieces/DPM_first.part_000.unsorted.bam.
[Mon Oct 28 15:48:33 2024]
Finished job 18.
18 of 40 steps (45%) done
Removing temporary output /central/scratchio/mblanco/albert/sprite_test_sample_old/workup/alignments_pieces/DPM_first.part_000.RNA.hisat2.bam.
Removing temporary output /central/scratchio/mblanco/albert/sprite_test_sample_old/workup/alignments_pieces/DPM_first.part_000.RNA.hisat2.mapq20.unsorted.bam.
Select jobs to execute...

[Mon Oct 28 15:48:33 2024]
rule bowtie2_align_rna_repeats:
    input: /central/scratchio/mblanco/albert/sprite_test_sample_old/workup/alignments_pieces/DPM_first.part_000.RNA.hisat2.unmapped.lowmq.fq.gz
    output: /central/scratchio/mblanco/albert/sprite_test_sample_old/workup/alignments_pieces/DPM_first.part_000.RNA.bowtie2.all.bam, /central/scratchio/mblanco/albert/sprite_test_sample_old/workup/alignments_pieces/DPM_first.part_000.RNAr.bowtie2.unsorted.bam, /central/scratchio/mblanco/albert/sprite_test_sample_old/workup/alignments_pieces/DPM_first.part_000.RNAr.bowtie2.bam, /central/scratchio/mblanco/albert/sprite_test_sample_old/workup/alignments_pieces/DPM_first.part_000.RNAr.bowtie2.unmapped.bam
    log: /central/scratchio/mblanco/albert/sprite_test_sample_old/workup/logs/DPM_first.000.RNAr.bowtie2.log
    jobid: 21
    reason: Missing output files: /central/scratchio/mblanco/albert/sprite_test_sample_old/workup/alignments_pieces/DPM_first.part_000.RNAr.bowtie2.bam; Input files updated by another job: /central/scratchio/mblanco/albert/sprite_test_sample_old/workup/alignments_pieces/DPM_first.part_000.RNA.hisat2.unmapped.lowmq.fq.gz
    wildcards: sample=DPM_first, splitid=000
    threads: 10
    resources: mem_mb=1000, mem_mib=954, disk_mb=1000, disk_mib=954, tmpdir=<TBD>

Submitted job 21 with external jobid 'Submitted batch job 44696387'.
[Mon Oct 28 15:48:34 2024]
Finished job 19.
19 of 40 steps (48%) done
Removing temporary output /central/scratchio/mblanco/albert/sprite_test_sample_old/workup/alignments_pieces/DPM_first.part_001.RNA.hisat2.bam.
Removing temporary output /central/scratchio/mblanco/albert/sprite_test_sample_old/workup/alignments_pieces/DPM_first.part_001.RNA.hisat2.mapq20.unsorted.bam.
Select jobs to execute...

[Mon Oct 28 15:48:34 2024]
rule bowtie2_align_rna_repeats:
    input: /central/scratchio/mblanco/albert/sprite_test_sample_old/workup/alignments_pieces/DPM_first.part_001.RNA.hisat2.unmapped.lowmq.fq.gz
    output: /central/scratchio/mblanco/albert/sprite_test_sample_old/workup/alignments_pieces/DPM_first.part_001.RNA.bowtie2.all.bam, /central/scratchio/mblanco/albert/sprite_test_sample_old/workup/alignments_pieces/DPM_first.part_001.RNAr.bowtie2.unsorted.bam, /central/scratchio/mblanco/albert/sprite_test_sample_old/workup/alignments_pieces/DPM_first.part_001.RNAr.bowtie2.bam, /central/scratchio/mblanco/albert/sprite_test_sample_old/workup/alignments_pieces/DPM_first.part_001.RNAr.bowtie2.unmapped.bam
    log: /central/scratchio/mblanco/albert/sprite_test_sample_old/workup/logs/DPM_first.001.RNAr.bowtie2.log
    jobid: 23
    reason: Missing output files: /central/scratchio/mblanco/albert/sprite_test_sample_old/workup/alignments_pieces/DPM_first.part_001.RNAr.bowtie2.bam; Input files updated by another job: /central/scratchio/mblanco/albert/sprite_test_sample_old/workup/alignments_pieces/DPM_first.part_001.RNA.hisat2.unmapped.lowmq.fq.gz
    wildcards: sample=DPM_first, splitid=001
    threads: 10
    resources: mem_mb=1000, mem_mib=954, disk_mb=1000, disk_mib=954, tmpdir=<TBD>

Submitted job 23 with external jobid 'Submitted batch job 44696388'.
[Mon Oct 28 15:48:44 2024]
Finished job 21.
20 of 40 steps (50%) done
Removing temporary output /central/scratchio/mblanco/albert/sprite_test_sample_old/workup/alignments_pieces/DPM_first.part_000.RNA.bowtie2.all.bam.
Removing temporary output /central/scratchio/mblanco/albert/sprite_test_sample_old/workup/alignments_pieces/DPM_first.part_000.RNAr.bowtie2.unsorted.bam.
Select jobs to execute...

[Mon Oct 28 15:48:44 2024]
rule add_tags_bowtie2:
    input: /central/scratchio/mblanco/albert/sprite_test_sample_old/workup/alignments_pieces/DPM_first.part_000.RNAr.bowtie2.bam
    output: /central/scratchio/mblanco/albert/sprite_test_sample_old/workup/alignments_pieces/DPM_first.part_000.RNAr.bowtie2.tag.bam, /central/scratchio/mblanco/albert/sprite_test_sample_old/workup/alignments_pieces/DPM_first.part_000.RNAr.bowtie2.bam.bai
    log: /central/scratchio/mblanco/albert/sprite_test_sample_old/workup/logs/DPM_first.000.RNAr.bowtie2.tag.log
    jobid: 20
    reason: Missing output files: /central/scratchio/mblanco/albert/sprite_test_sample_old/workup/alignments_pieces/DPM_first.part_000.RNAr.bowtie2.tag.bam; Input files updated by another job: /central/scratchio/mblanco/albert/sprite_test_sample_old/workup/alignments_pieces/DPM_first.part_000.RNAr.bowtie2.bam
    wildcards: sample=DPM_first, splitid=000
    threads: 10
    resources: mem_mb=1000, mem_mib=954, disk_mb=1000, disk_mib=954, tmpdir=<TBD>

Submitted job 20 with external jobid 'Submitted batch job 44696389'.
[Mon Oct 28 15:48:44 2024]
Finished job 23.
21 of 40 steps (52%) done
Removing temporary output /central/scratchio/mblanco/albert/sprite_test_sample_old/workup/alignments_pieces/DPM_first.part_001.RNA.bowtie2.all.bam.
Removing temporary output /central/scratchio/mblanco/albert/sprite_test_sample_old/workup/alignments_pieces/DPM_first.part_001.RNAr.bowtie2.unsorted.bam.
Select jobs to execute...

[Mon Oct 28 15:48:44 2024]
rule add_tags_bowtie2:
    input: /central/scratchio/mblanco/albert/sprite_test_sample_old/workup/alignments_pieces/DPM_first.part_001.RNAr.bowtie2.bam
    output: /central/scratchio/mblanco/albert/sprite_test_sample_old/workup/alignments_pieces/DPM_first.part_001.RNAr.bowtie2.tag.bam, /central/scratchio/mblanco/albert/sprite_test_sample_old/workup/alignments_pieces/DPM_first.part_001.RNAr.bowtie2.bam.bai
    log: /central/scratchio/mblanco/albert/sprite_test_sample_old/workup/logs/DPM_first.001.RNAr.bowtie2.tag.log
    jobid: 22
    reason: Missing output files: /central/scratchio/mblanco/albert/sprite_test_sample_old/workup/alignments_pieces/DPM_first.part_001.RNAr.bowtie2.tag.bam; Input files updated by another job: /central/scratchio/mblanco/albert/sprite_test_sample_old/workup/alignments_pieces/DPM_first.part_001.RNAr.bowtie2.bam
    wildcards: sample=DPM_first, splitid=001
    threads: 10
    resources: mem_mb=1000, mem_mib=954, disk_mb=1000, disk_mib=954, tmpdir=<TBD>

Submitted job 22 with external jobid 'Submitted batch job 44696390'.
[Mon Oct 28 15:48:54 2024]
Finished job 20.
22 of 40 steps (55%) done
Removing temporary output /central/scratchio/mblanco/albert/sprite_test_sample_old/workup/alignments_pieces/DPM_first.part_000.RNAr.bowtie2.bam.bai.
Select jobs to execute...

[Mon Oct 28 15:48:54 2024]
rule add_chr_RNA_DNA:
    input: /central/scratchio/mblanco/albert/sprite_test_sample_old/workup/alignments_pieces/DPM_first.part_000.DNA.bowtie2.mapq20.bam, /central/scratchio/mblanco/albert/sprite_test_sample_old/workup/alignments_pieces/DPM_first.part_000.RNA.hisat2.mapq20.bam, /central/scratchio/mblanco/albert/sprite_test_sample_old/workup/alignments_pieces/DPM_first.part_000.RNAr.bowtie2.tag.bam
    output: /central/scratchio/mblanco/albert/sprite_test_sample_old/workup/alignments_pieces/DPM_first.part_000.DNA.chr.bam, /central/scratchio/mblanco/albert/sprite_test_sample_old/workup/alignments_pieces/DPM_first.part_000.RNA.chr.bam, /central/scratchio/mblanco/albert/sprite_test_sample_old/workup/alignments_pieces/DPM_first.part_000.RNAr.chr.bam
    log: /central/scratchio/mblanco/albert/sprite_test_sample_old/workup/logs/DPM_first.000.DNA_bcs.log, /central/scratchio/mblanco/albert/sprite_test_sample_old/workup/logs/DPM_first.000.RNA_bcs.log, /central/scratchio/mblanco/albert/sprite_test_sample_old/workup/logs/DPM_first.000.RNAr_bcs.log
    jobid: 24
    reason: Missing output files: /central/scratchio/mblanco/albert/sprite_test_sample_old/workup/alignments_pieces/DPM_first.part_000.RNA.chr.bam, /central/scratchio/mblanco/albert/sprite_test_sample_old/workup/alignments_pieces/DPM_first.part_000.DNA.chr.bam, /central/scratchio/mblanco/albert/sprite_test_sample_old/workup/alignments_pieces/DPM_first.part_000.RNAr.chr.bam; Input files updated by another job: /central/scratchio/mblanco/albert/sprite_test_sample_old/workup/alignments_pieces/DPM_first.part_000.RNAr.bowtie2.tag.bam, /central/scratchio/mblanco/albert/sprite_test_sample_old/workup/alignments_pieces/DPM_first.part_000.RNA.hisat2.mapq20.bam, /central/scratchio/mblanco/albert/sprite_test_sample_old/workup/alignments_pieces/DPM_first.part_000.DNA.bowtie2.mapq20.bam
    wildcards: sample=DPM_first, splitid=000
    resources: mem_mb=1000, mem_mib=954, disk_mb=1000, disk_mib=954, tmpdir=<TBD>

Submitted job 24 with external jobid 'Submitted batch job 44696391'.
[Mon Oct 28 15:48:54 2024]
Finished job 22.
23 of 40 steps (57%) done
Removing temporary output /central/scratchio/mblanco/albert/sprite_test_sample_old/workup/alignments_pieces/DPM_first.part_001.RNAr.bowtie2.bam.bai.
Select jobs to execute...

[Mon Oct 28 15:48:54 2024]
rule add_chr_RNA_DNA:
    input: /central/scratchio/mblanco/albert/sprite_test_sample_old/workup/alignments_pieces/DPM_first.part_001.DNA.bowtie2.mapq20.bam, /central/scratchio/mblanco/albert/sprite_test_sample_old/workup/alignments_pieces/DPM_first.part_001.RNA.hisat2.mapq20.bam, /central/scratchio/mblanco/albert/sprite_test_sample_old/workup/alignments_pieces/DPM_first.part_001.RNAr.bowtie2.tag.bam
    output: /central/scratchio/mblanco/albert/sprite_test_sample_old/workup/alignments_pieces/DPM_first.part_001.DNA.chr.bam, /central/scratchio/mblanco/albert/sprite_test_sample_old/workup/alignments_pieces/DPM_first.part_001.RNA.chr.bam, /central/scratchio/mblanco/albert/sprite_test_sample_old/workup/alignments_pieces/DPM_first.part_001.RNAr.chr.bam
    log: /central/scratchio/mblanco/albert/sprite_test_sample_old/workup/logs/DPM_first.001.DNA_bcs.log, /central/scratchio/mblanco/albert/sprite_test_sample_old/workup/logs/DPM_first.001.RNA_bcs.log, /central/scratchio/mblanco/albert/sprite_test_sample_old/workup/logs/DPM_first.001.RNAr_bcs.log
    jobid: 25
    reason: Missing output files: /central/scratchio/mblanco/albert/sprite_test_sample_old/workup/alignments_pieces/DPM_first.part_001.RNA.chr.bam, /central/scratchio/mblanco/albert/sprite_test_sample_old/workup/alignments_pieces/DPM_first.part_001.RNAr.chr.bam, /central/scratchio/mblanco/albert/sprite_test_sample_old/workup/alignments_pieces/DPM_first.part_001.DNA.chr.bam; Input files updated by another job: /central/scratchio/mblanco/albert/sprite_test_sample_old/workup/alignments_pieces/DPM_first.part_001.RNA.hisat2.mapq20.bam, /central/scratchio/mblanco/albert/sprite_test_sample_old/workup/alignments_pieces/DPM_first.part_001.DNA.bowtie2.mapq20.bam, /central/scratchio/mblanco/albert/sprite_test_sample_old/workup/alignments_pieces/DPM_first.part_001.RNAr.bowtie2.tag.bam
    wildcards: sample=DPM_first, splitid=001
    resources: mem_mb=1000, mem_mib=954, disk_mb=1000, disk_mib=954, tmpdir=<TBD>

Submitted job 25 with external jobid 'Submitted batch job 44696392'.
[Mon Oct 28 15:49:04 2024]
Finished job 24.
24 of 40 steps (60%) done
Select jobs to execute...

[Mon Oct 28 15:49:04 2024]
rule repeat_mask:
    input: /central/scratchio/mblanco/albert/sprite_test_sample_old/workup/alignments_pieces/DPM_first.part_000.DNA.chr.bam
    output: /central/scratchio/mblanco/albert/sprite_test_sample_old/workup/alignments_pieces/DPM_first.part_000.DNA.chr.masked.bam
    jobid: 26
    reason: Missing output files: /central/scratchio/mblanco/albert/sprite_test_sample_old/workup/alignments_pieces/DPM_first.part_000.DNA.chr.masked.bam; Input files updated by another job: /central/scratchio/mblanco/albert/sprite_test_sample_old/workup/alignments_pieces/DPM_first.part_000.DNA.chr.bam
    wildcards: sample=DPM_first, splitid=000
    resources: mem_mb=1000, mem_mib=954, disk_mb=1000, disk_mib=954, tmpdir=<TBD>

Submitted job 26 with external jobid 'Submitted batch job 44696393'.
[Mon Oct 28 15:49:04 2024]
Finished job 25.
25 of 40 steps (62%) done
Select jobs to execute...

[Mon Oct 28 15:49:04 2024]
rule merge_rrna:
    input: /central/scratchio/mblanco/albert/sprite_test_sample_old/workup/alignments_pieces/DPM_first.part_000.RNAr.chr.bam, /central/scratchio/mblanco/albert/sprite_test_sample_old/workup/alignments_pieces/DPM_first.part_001.RNAr.chr.bam
    output: /central/scratchio/mblanco/albert/sprite_test_sample_old/workup/alignments/DPM_first.RNAr.merged.bam
    log: /central/scratchio/mblanco/albert/sprite_test_sample_old/workup/logs/DPM_first.merge_RNAr.log
    jobid: 30
    reason: Missing output files: /central/scratchio/mblanco/albert/sprite_test_sample_old/workup/alignments/DPM_first.RNAr.merged.bam; Input files updated by another job: /central/scratchio/mblanco/albert/sprite_test_sample_old/workup/alignments_pieces/DPM_first.part_000.RNAr.chr.bam, /central/scratchio/mblanco/albert/sprite_test_sample_old/workup/alignments_pieces/DPM_first.part_001.RNAr.chr.bam
    wildcards: sample=DPM_first
    threads: 8
    resources: mem_mb=1000, mem_mib=954, disk_mb=1000, disk_mib=954, tmpdir=<TBD>

Submitted job 30 with external jobid 'Submitted batch job 44696394'.

[Mon Oct 28 15:49:04 2024]
rule repeat_mask:
    input: /central/scratchio/mblanco/albert/sprite_test_sample_old/workup/alignments_pieces/DPM_first.part_001.DNA.chr.bam
    output: /central/scratchio/mblanco/albert/sprite_test_sample_old/workup/alignments_pieces/DPM_first.part_001.DNA.chr.masked.bam
    jobid: 27
    reason: Missing output files: /central/scratchio/mblanco/albert/sprite_test_sample_old/workup/alignments_pieces/DPM_first.part_001.DNA.chr.masked.bam; Input files updated by another job: /central/scratchio/mblanco/albert/sprite_test_sample_old/workup/alignments_pieces/DPM_first.part_001.DNA.chr.bam
    wildcards: sample=DPM_first, splitid=001
    resources: mem_mb=1000, mem_mib=954, disk_mb=1000, disk_mib=954, tmpdir=<TBD>

Submitted job 27 with external jobid 'Submitted batch job 44696395'.

[Mon Oct 28 15:49:04 2024]
rule merge_rna:
    input: /central/scratchio/mblanco/albert/sprite_test_sample_old/workup/alignments_pieces/DPM_first.part_000.RNA.chr.bam, /central/scratchio/mblanco/albert/sprite_test_sample_old/workup/alignments_pieces/DPM_first.part_001.RNA.chr.bam
    output: /central/scratchio/mblanco/albert/sprite_test_sample_old/workup/alignments/DPM_first.RNA.merged.bam
    log: /central/scratchio/mblanco/albert/sprite_test_sample_old/workup/logs/DPM_first.merge_RNA.log
    jobid: 29
    reason: Missing output files: /central/scratchio/mblanco/albert/sprite_test_sample_old/workup/alignments/DPM_first.RNA.merged.bam; Input files updated by another job: /central/scratchio/mblanco/albert/sprite_test_sample_old/workup/alignments_pieces/DPM_first.part_000.RNA.chr.bam, /central/scratchio/mblanco/albert/sprite_test_sample_old/workup/alignments_pieces/DPM_first.part_001.RNA.chr.bam
    wildcards: sample=DPM_first
    threads: 8
    resources: mem_mb=1000, mem_mib=954, disk_mb=1000, disk_mib=954, tmpdir=<TBD>

Submitted job 29 with external jobid 'Submitted batch job 44696396'.
[Mon Oct 28 15:49:14 2024]
Finished job 26.
26 of 40 steps (65%) done
[Mon Oct 28 15:49:14 2024]
Finished job 30.
27 of 40 steps (68%) done
Select jobs to execute...

[Mon Oct 28 15:49:14 2024]
rule deduplicate_rRNA:
    input: /central/scratchio/mblanco/albert/sprite_test_sample_old/workup/alignments/DPM_first.RNAr.merged.bam
    output: /central/scratchio/mblanco/albert/sprite_test_sample_old/workup/alignments/DPM_first.RNAr.merged.dedup.bam
    log: /central/scratchio/mblanco/albert/sprite_test_sample_old/workup/logs/DPM_first.RNAr.merged.dedup.log
    jobid: 31
    reason: Missing output files: /central/scratchio/mblanco/albert/sprite_test_sample_old/workup/alignments/DPM_first.RNAr.merged.dedup.bam; Input files updated by another job: /central/scratchio/mblanco/albert/sprite_test_sample_old/workup/alignments/DPM_first.RNAr.merged.bam
    wildcards: sample=DPM_first
    threads: 5
    resources: mem_mb=1000, mem_mib=954, disk_mb=1000, disk_mib=954, tmpdir=<TBD>

Submitted job 31 with external jobid 'Submitted batch job 44696397'.
[Mon Oct 28 15:49:14 2024]
Finished job 27.
28 of 40 steps (70%) done
[Mon Oct 28 15:49:14 2024]
Finished job 29.
29 of 40 steps (72%) done
Select jobs to execute...

[Mon Oct 28 15:49:14 2024]
rule merge_dna:
    input: /central/scratchio/mblanco/albert/sprite_test_sample_old/workup/alignments_pieces/DPM_first.part_000.DNA.chr.masked.bam, /central/scratchio/mblanco/albert/sprite_test_sample_old/workup/alignments_pieces/DPM_first.part_001.DNA.chr.masked.bam
    output: /central/scratchio/mblanco/albert/sprite_test_sample_old/workup/alignments/DPM_first.DNA.merged.bam
    log: /central/scratchio/mblanco/albert/sprite_test_sample_old/workup/logs/DPM_first.merge_DNA.log
    jobid: 28
    reason: Missing output files: /central/scratchio/mblanco/albert/sprite_test_sample_old/workup/alignments/DPM_first.DNA.merged.bam; Input files updated by another job: /central/scratchio/mblanco/albert/sprite_test_sample_old/workup/alignments_pieces/DPM_first.part_001.DNA.chr.masked.bam, /central/scratchio/mblanco/albert/sprite_test_sample_old/workup/alignments_pieces/DPM_first.part_000.DNA.chr.masked.bam
    wildcards: sample=DPM_first
    threads: 8
    resources: mem_mb=1000, mem_mib=954, disk_mb=1000, disk_mib=954, tmpdir=<TBD>

Submitted job 28 with external jobid 'Submitted batch job 44696398'.

[Mon Oct 28 15:49:14 2024]
rule annotate_rna:
    input: /central/scratchio/mblanco/albert/sprite_test_sample_old/workup/alignments/DPM_first.RNA.merged.bam
    output: /central/scratchio/mblanco/albert/sprite_test_sample_old/workup/annotations/DPM_first.RNAexin.hisat2.mapq20.bam.featureCounts.bam, /central/scratchio/mblanco/albert/sprite_test_sample_old/workup/annotations/DPM_first.RNAexin.hisat2.mapq20.bam.featureCounts.txt, /central/scratchio/mblanco/albert/sprite_test_sample_old/workup/annotations/DPM_first.RNAr.hisat2.mapq20.bam.featureCounts.bam, /central/scratchio/mblanco/albert/sprite_test_sample_old/workup/annotations/DPM_first.RNAr.hisat2.mapq20.bam.featureCounts.txt, /central/scratchio/mblanco/albert/sprite_test_sample_old/workup/annotations/DPM_first.RNAanti.hisat2.mapq20.bam.featureCounts.bam, /central/scratchio/mblanco/albert/sprite_test_sample_old/workup/annotations/DPM_first.RNAanti.hisate2.mapq20.bam.featureCounts.txt
    log: /central/scratchio/mblanco/albert/sprite_test_sample_old/workup/logs/DPM_first.anno.log
    jobid: 32
    reason: Missing output files: /central/scratchio/mblanco/albert/sprite_test_sample_old/workup/annotations/DPM_first.RNAexin.hisat2.mapq20.bam.featureCounts.bam, /central/scratchio/mblanco/albert/sprite_test_sample_old/workup/annotations/DPM_first.RNAr.hisat2.mapq20.bam.featureCounts.bam, /central/scratchio/mblanco/albert/sprite_test_sample_old/workup/annotations/DPM_first.RNAanti.hisat2.mapq20.bam.featureCounts.bam; Input files updated by another job: /central/scratchio/mblanco/albert/sprite_test_sample_old/workup/alignments/DPM_first.RNA.merged.bam
    wildcards: sample=DPM_first
    threads: 10
    resources: mem_mb=1000, mem_mib=954, disk_mb=1000, disk_mib=954, tmpdir=<TBD>

Submitted job 32 with external jobid 'Submitted batch job 44696399'.
[Mon Oct 28 15:49:24 2024]
Finished job 31.
30 of 40 steps (75%) done
[Mon Oct 28 15:49:24 2024]
Finished job 28.
31 of 40 steps (78%) done
Select jobs to execute...

[Mon Oct 28 15:49:24 2024]
rule find_outlier_regions:
    input: /central/scratchio/mblanco/albert/sprite_test_sample_old/workup/alignments/DPM_first.DNA.merged.bam
    output: /central/scratchio/mblanco/albert/sprite_test_sample_old/workup/DPM_first.outlier_regions.bed
    jobid: 38
    reason: Missing output files: /central/scratchio/mblanco/albert/sprite_test_sample_old/workup/DPM_first.outlier_regions.bed; Input files updated by another job: /central/scratchio/mblanco/albert/sprite_test_sample_old/workup/alignments/DPM_first.DNA.merged.bam
    wildcards: sample=DPM_first
    resources: mem_mb=1000, mem_mib=954, disk_mb=1000, disk_mib=954, tmpdir=<TBD>

Submitted job 38 with external jobid 'Submitted batch job 44696400'.
[Mon Oct 28 15:49:34 2024]
Finished job 32.
32 of 40 steps (80%) done
Select jobs to execute...

[Mon Oct 28 15:49:34 2024]
rule combine_annotations_rna:
    input: /central/scratchio/mblanco/albert/sprite_test_sample_old/workup/alignments/DPM_first.RNA.merged.bam, /central/scratchio/mblanco/albert/sprite_test_sample_old/workup/annotations/DPM_first.RNAexin.hisat2.mapq20.bam.featureCounts.bam, /central/scratchio/mblanco/albert/sprite_test_sample_old/workup/annotations/DPM_first.RNAr.hisat2.mapq20.bam.featureCounts.bam, /central/scratchio/mblanco/albert/sprite_test_sample_old/workup/annotations/DPM_first.RNAanti.hisat2.mapq20.bam.featureCounts.bam
    output: /central/scratchio/mblanco/albert/sprite_test_sample_old/workup/annotations/DPM_first.RNA.merged.anno.bam
    log: /central/scratchio/mblanco/albert/sprite_test_sample_old/workup/logs/DPM_first.RNA_anno_combine.log
    jobid: 33
    reason: Missing output files: /central/scratchio/mblanco/albert/sprite_test_sample_old/workup/annotations/DPM_first.RNA.merged.anno.bam; Input files updated by another job: /central/scratchio/mblanco/albert/sprite_test_sample_old/workup/alignments/DPM_first.RNA.merged.bam, /central/scratchio/mblanco/albert/sprite_test_sample_old/workup/annotations/DPM_first.RNAexin.hisat2.mapq20.bam.featureCounts.bam, /central/scratchio/mblanco/albert/sprite_test_sample_old/workup/annotations/DPM_first.RNAr.hisat2.mapq20.bam.featureCounts.bam, /central/scratchio/mblanco/albert/sprite_test_sample_old/workup/annotations/DPM_first.RNAanti.hisat2.mapq20.bam.featureCounts.bam
    wildcards: sample=DPM_first
    resources: mem_mb=1000, mem_mib=954, disk_mb=1000, disk_mib=954, tmpdir=<TBD>

Submitted job 33 with external jobid 'Submitted batch job 44696401'.
[Mon Oct 28 15:49:34 2024]
Finished job 38.
33 of 40 steps (82%) done
Select jobs to execute...

[Mon Oct 28 15:49:34 2024]
rule filter_outlier_regions:
    input: /central/scratchio/mblanco/albert/sprite_test_sample_old/workup/DPM_first.outlier_regions.bed
    output: /central/scratchio/mblanco/albert/sprite_test_sample_old/workup/DPM_first.outlier_regions_thresh.bed
    jobid: 37
    reason: Missing output files: /central/scratchio/mblanco/albert/sprite_test_sample_old/workup/DPM_first.outlier_regions_thresh.bed; Input files updated by another job: /central/scratchio/mblanco/albert/sprite_test_sample_old/workup/DPM_first.outlier_regions.bed
    wildcards: sample=DPM_first
    resources: mem_mb=1000, mem_mib=954, disk_mb=1000, disk_mib=954, tmpdir=<TBD>

Submitted job 37 with external jobid 'Submitted batch job 44696402'.
[Mon Oct 28 15:49:44 2024]
Finished job 33.
34 of 40 steps (85%) done
[Mon Oct 28 15:49:44 2024]
Finished job 37.
35 of 40 steps (88%) done
Select jobs to execute...

[Mon Oct 28 15:49:44 2024]
rule cat_outlier_regions:
    input: /central/scratchio/mblanco/albert/sprite_test_sample_old/workup/DPM_first.outlier_regions_thresh.bed
    output: /central/scratchio/mblanco/albert/sprite_test_sample_old/workup/custom_dna_mask.bed
    log: /central/scratchio/mblanco/albert/sprite_test_sample_old/workup/logs/cat_outlier_regions.log
    jobid: 36
    reason: Missing output files: /central/scratchio/mblanco/albert/sprite_test_sample_old/workup/custom_dna_mask.bed; Input files updated by another job: /central/scratchio/mblanco/albert/sprite_test_sample_old/workup/DPM_first.outlier_regions_thresh.bed
    resources: mem_mb=1000, mem_mib=954, disk_mb=1000, disk_mib=954, tmpdir=<TBD>

RuleException in rule cat_outlier_regions in file /central/home/zyang4/RDSPRITE_v4/Snakefilefilter_keepRPMDPM.smk, line 749:
AttributeError: 'Wildcards' object has no attribute 'sample', when formatting the following:
workup/logs/cluster/{rule}.{wildcards.sample}.out
